{"C:\\Users\\cds9\\track_journal\\src\\components\\AddVehicleForm.tsx": {"path":"C:\\Users\\cds9\\track_journal\\src\\components\\AddVehicleForm.tsx","statementMap":{"0":{"start":{"line":29,"column":20},"end":{"line":29,"column":30}},"1":{"start":{"line":30,"column":34},"end":{"line":30,"column":49}},"2":{"start":{"line":31,"column":38},"end":{"line":31,"column":53}},"3":{"start":{"line":32,"column":28},"end":{"line":32,"column":57}},"4":{"start":{"line":35,"column":34},"end":{"line":47,"column":4}},"5":{"start":{"line":50,"column":30},"end":{"line":50,"column":67}},"6":{"start":{"line":53,"column":28},"end":{"line":53,"column":77}},"7":{"start":{"line":54,"column":30},"end":{"line":54,"column":79}},"8":{"start":{"line":55,"column":42},"end":{"line":55,"column":56}},"9":{"start":{"line":56,"column":44},"end":{"line":56,"column":59}},"10":{"start":{"line":59,"column":2},"end":{"line":61,"column":9}},"11":{"start":{"line":60,"column":4},"end":{"line":60,"column":16}},"12":{"start":{"line":64,"column":2},"end":{"line":70,"column":22}},"13":{"start":{"line":65,"column":4},"end":{"line":69,"column":5}},"14":{"start":{"line":66,"column":6},"end":{"line":66,"column":32}},"15":{"start":{"line":68,"column":6},"end":{"line":68,"column":20}},"16":{"start":{"line":72,"column":20},"end":{"line":82,"column":3}},"17":{"start":{"line":73,"column":4},"end":{"line":81,"column":5}},"18":{"start":{"line":74,"column":6},"end":{"line":74,"column":28}},"19":{"start":{"line":75,"column":24},"end":{"line":75,"column":47}},"20":{"start":{"line":76,"column":6},"end":{"line":76,"column":74}},"21":{"start":{"line":76,"column":38},"end":{"line":76,"column":70}},"22":{"start":{"line":78,"column":6},"end":{"line":78,"column":47}},"23":{"start":{"line":80,"column":6},"end":{"line":80,"column":29}},"24":{"start":{"line":84,"column":21},"end":{"line":94,"column":3}},"25":{"start":{"line":85,"column":4},"end":{"line":93,"column":5}},"26":{"start":{"line":86,"column":6},"end":{"line":86,"column":29}},"27":{"start":{"line":87,"column":25},"end":{"line":87,"column":55}},"28":{"start":{"line":88,"column":6},"end":{"line":88,"column":79}},"29":{"start":{"line":88,"column":41},"end":{"line":88,"column":75}},"30":{"start":{"line":90,"column":6},"end":{"line":90,"column":48}},"31":{"start":{"line":92,"column":6},"end":{"line":92,"column":30}},"32":{"start":{"line":96,"column":25},"end":{"line":103,"column":3}},"33":{"start":{"line":97,"column":4},"end":{"line":97,"column":55}},"34":{"start":{"line":97,"column":25},"end":{"line":97,"column":52}},"35":{"start":{"line":100,"column":4},"end":{"line":102,"column":5}},"36":{"start":{"line":101,"column":6},"end":{"line":101,"column":59}},"37":{"start":{"line":101,"column":25},"end":{"line":101,"column":56}},"38":{"start":{"line":105,"column":23},"end":{"line":130,"column":3}},"39":{"start":{"line":106,"column":47},"end":{"line":106,"column":49}},"40":{"start":{"line":108,"column":4},"end":{"line":110,"column":5}},"41":{"start":{"line":109,"column":6},"end":{"line":109,"column":42}},"42":{"start":{"line":112,"column":4},"end":{"line":114,"column":5}},"43":{"start":{"line":113,"column":6},"end":{"line":113,"column":44}},"44":{"start":{"line":116,"column":4},"end":{"line":120,"column":5}},"45":{"start":{"line":117,"column":6},"end":{"line":117,"column":42}},"46":{"start":{"line":118,"column":11},"end":{"line":120,"column":5}},"47":{"start":{"line":119,"column":6},"end":{"line":119,"column":65}},"48":{"start":{"line":124,"column":4},"end":{"line":126,"column":5}},"49":{"start":{"line":125,"column":6},"end":{"line":125,"column":50}},"50":{"start":{"line":128,"column":4},"end":{"line":128,"column":25}},"51":{"start":{"line":129,"column":4},"end":{"line":129,"column":47}},"52":{"start":{"line":132,"column":23},"end":{"line":162,"column":3}},"53":{"start":{"line":133,"column":4},"end":{"line":135,"column":5}},"54":{"start":{"line":134,"column":6},"end":{"line":134,"column":13}},"55":{"start":{"line":137,"column":4},"end":{"line":161,"column":5}},"56":{"start":{"line":138,"column":6},"end":{"line":138,"column":26}},"57":{"start":{"line":139,"column":6},"end":{"line":139,"column":21}},"58":{"start":{"line":141,"column":21},"end":{"line":141,"column":58}},"59":{"start":{"line":143,"column":6},"end":{"line":156,"column":7}},"60":{"start":{"line":144,"column":8},"end":{"line":153,"column":10}},"61":{"start":{"line":150,"column":29},"end":{"line":150,"column":60}},"62":{"start":{"line":155,"column":8},"end":{"line":155,"column":70}},"63":{"start":{"line":158,"column":6},"end":{"line":158,"column":62}},"64":{"start":{"line":160,"column":6},"end":{"line":160,"column":27}},"65":{"start":{"line":164,"column":23},"end":{"line":173,"column":3}},"66":{"start":{"line":165,"column":4},"end":{"line":172,"column":6}},"67":{"start":{"line":175,"column":2},"end":{"line":177,"column":3}},"68":{"start":{"line":176,"column":4},"end":{"line":176,"column":54}},"69":{"start":{"line":179,"column":2},"end":{"line":187,"column":3}},"70":{"start":{"line":180,"column":4},"end":{"line":186,"column":6}},"71":{"start":{"line":189,"column":2},"end":{"line":368,"column":4}},"72":{"start":{"line":216,"column":38},"end":{"line":216,"column":67}},"73":{"start":{"line":228,"column":38},"end":{"line":228,"column":68}},"74":{"start":{"line":248,"column":36},"end":{"line":248,"column":79}},"75":{"start":{"line":263,"column":36},"end":{"line":263,"column":65}},"76":{"start":{"line":278,"column":36},"end":{"line":278,"column":66}},"77":{"start":{"line":287,"column":38},"end":{"line":287,"column":75}},"78":{"start":{"line":288,"column":50},"end":{"line":288,"column":74}},"79":{"start":{"line":303,"column":36},"end":{"line":303,"column":86}},"80":{"start":{"line":312,"column":36},"end":{"line":312,"column":77}},"81":{"start":{"line":334,"column":36},"end":{"line":334,"column":65}},"82":{"start":{"line":371,"column":15},"end":{"line":418,"column":2}}},"fnMap":{"0":{"name":"AddVehicleForm","decl":{"start":{"line":23,"column":16},"end":{"line":23,"column":30}},"loc":{"start":{"line":28,"column":43},"end":{"line":369,"column":1}},"line":28},"1":{"name":"(anonymous_1)","decl":{"start":{"line":59,"column":12},"end":{"line":59,"column":13}},"loc":{"start":{"line":59,"column":18},"end":{"line":61,"column":3}},"line":59},"2":{"name":"(anonymous_2)","decl":{"start":{"line":64,"column":12},"end":{"line":64,"column":13}},"loc":{"start":{"line":64,"column":18},"end":{"line":70,"column":3}},"line":64},"3":{"name":"(anonymous_3)","decl":{"start":{"line":72,"column":20},"end":{"line":72,"column":21}},"loc":{"start":{"line":72,"column":32},"end":{"line":82,"column":3}},"line":72},"4":{"name":"(anonymous_4)","decl":{"start":{"line":76,"column":29},"end":{"line":76,"column":30}},"loc":{"start":{"line":76,"column":38},"end":{"line":76,"column":70}},"line":76},"5":{"name":"(anonymous_5)","decl":{"start":{"line":84,"column":21},"end":{"line":84,"column":22}},"loc":{"start":{"line":84,"column":47},"end":{"line":94,"column":3}},"line":84},"6":{"name":"(anonymous_6)","decl":{"start":{"line":88,"column":31},"end":{"line":88,"column":32}},"loc":{"start":{"line":88,"column":41},"end":{"line":88,"column":75}},"line":88},"7":{"name":"(anonymous_7)","decl":{"start":{"line":96,"column":25},"end":{"line":96,"column":26}},"loc":{"start":{"line":96,"column":73},"end":{"line":103,"column":3}},"line":96},"8":{"name":"(anonymous_8)","decl":{"start":{"line":97,"column":16},"end":{"line":97,"column":17}},"loc":{"start":{"line":97,"column":25},"end":{"line":97,"column":52}},"line":97},"9":{"name":"(anonymous_9)","decl":{"start":{"line":101,"column":16},"end":{"line":101,"column":17}},"loc":{"start":{"line":101,"column":25},"end":{"line":101,"column":56}},"line":101},"10":{"name":"(anonymous_10)","decl":{"start":{"line":105,"column":23},"end":{"line":105,"column":24}},"loc":{"start":{"line":105,"column":38},"end":{"line":130,"column":3}},"line":105},"11":{"name":"(anonymous_11)","decl":{"start":{"line":132,"column":23},"end":{"line":132,"column":24}},"loc":{"start":{"line":132,"column":35},"end":{"line":162,"column":3}},"line":132},"12":{"name":"(anonymous_12)","decl":{"start":{"line":150,"column":23},"end":{"line":150,"column":24}},"loc":{"start":{"line":150,"column":29},"end":{"line":150,"column":60}},"line":150},"13":{"name":"(anonymous_13)","decl":{"start":{"line":164,"column":23},"end":{"line":164,"column":24}},"loc":{"start":{"line":164,"column":29},"end":{"line":173,"column":3}},"line":164},"14":{"name":"(anonymous_14)","decl":{"start":{"line":216,"column":27},"end":{"line":216,"column":28}},"loc":{"start":{"line":216,"column":38},"end":{"line":216,"column":67}},"line":216},"15":{"name":"(anonymous_15)","decl":{"start":{"line":228,"column":27},"end":{"line":228,"column":28}},"loc":{"start":{"line":228,"column":38},"end":{"line":228,"column":68}},"line":228},"16":{"name":"(anonymous_16)","decl":{"start":{"line":248,"column":26},"end":{"line":248,"column":27}},"loc":{"start":{"line":248,"column":36},"end":{"line":248,"column":79}},"line":248},"17":{"name":"(anonymous_17)","decl":{"start":{"line":263,"column":26},"end":{"line":263,"column":27}},"loc":{"start":{"line":263,"column":36},"end":{"line":263,"column":65}},"line":263},"18":{"name":"(anonymous_18)","decl":{"start":{"line":278,"column":26},"end":{"line":278,"column":27}},"loc":{"start":{"line":278,"column":36},"end":{"line":278,"column":66}},"line":278},"19":{"name":"(anonymous_19)","decl":{"start":{"line":287,"column":27},"end":{"line":287,"column":28}},"loc":{"start":{"line":287,"column":38},"end":{"line":287,"column":75}},"line":287},"20":{"name":"(anonymous_20)","decl":{"start":{"line":288,"column":41},"end":{"line":288,"column":42}},"loc":{"start":{"line":288,"column":50},"end":{"line":288,"column":74}},"line":288},"21":{"name":"(anonymous_21)","decl":{"start":{"line":303,"column":26},"end":{"line":303,"column":27}},"loc":{"start":{"line":303,"column":36},"end":{"line":303,"column":86}},"line":303},"22":{"name":"(anonymous_22)","decl":{"start":{"line":312,"column":26},"end":{"line":312,"column":27}},"loc":{"start":{"line":312,"column":36},"end":{"line":312,"column":77}},"line":312},"23":{"name":"(anonymous_23)","decl":{"start":{"line":334,"column":26},"end":{"line":334,"column":27}},"loc":{"start":{"line":334,"column":36},"end":{"line":334,"column":65}},"line":334}},"branchMap":{"0":{"loc":{"start":{"line":65,"column":4},"end":{"line":69,"column":5}},"type":"if","locations":[{"start":{"line":65,"column":4},"end":{"line":69,"column":5}},{"start":{"line":67,"column":11},"end":{"line":69,"column":5}}],"line":65},"1":{"loc":{"start":{"line":100,"column":4},"end":{"line":102,"column":5}},"type":"if","locations":[{"start":{"line":100,"column":4},"end":{"line":102,"column":5}},{"start":{},"end":{}}],"line":100},"2":{"loc":{"start":{"line":108,"column":4},"end":{"line":110,"column":5}},"type":"if","locations":[{"start":{"line":108,"column":4},"end":{"line":110,"column":5}},{"start":{},"end":{}}],"line":108},"3":{"loc":{"start":{"line":112,"column":4},"end":{"line":114,"column":5}},"type":"if","locations":[{"start":{"line":112,"column":4},"end":{"line":114,"column":5}},{"start":{},"end":{}}],"line":112},"4":{"loc":{"start":{"line":116,"column":4},"end":{"line":120,"column":5}},"type":"if","locations":[{"start":{"line":116,"column":4},"end":{"line":120,"column":5}},{"start":{"line":118,"column":11},"end":{"line":120,"column":5}}],"line":116},"5":{"loc":{"start":{"line":118,"column":11},"end":{"line":120,"column":5}},"type":"if","locations":[{"start":{"line":118,"column":11},"end":{"line":120,"column":5}},{"start":{},"end":{}}],"line":118},"6":{"loc":{"start":{"line":118,"column":15},"end":{"line":118,"column":83}},"type":"binary-expr","locations":[{"start":{"line":118,"column":15},"end":{"line":118,"column":35}},{"start":{"line":118,"column":39},"end":{"line":118,"column":83}}],"line":118},"7":{"loc":{"start":{"line":124,"column":4},"end":{"line":126,"column":5}},"type":"if","locations":[{"start":{"line":124,"column":4},"end":{"line":126,"column":5}},{"start":{},"end":{}}],"line":124},"8":{"loc":{"start":{"line":124,"column":8},"end":{"line":124,"column":48}},"type":"binary-expr","locations":[{"start":{"line":124,"column":8},"end":{"line":124,"column":20}},{"start":{"line":124,"column":24},"end":{"line":124,"column":48}}],"line":124},"9":{"loc":{"start":{"line":133,"column":4},"end":{"line":135,"column":5}},"type":"if","locations":[{"start":{"line":133,"column":4},"end":{"line":135,"column":5}},{"start":{},"end":{}}],"line":133},"10":{"loc":{"start":{"line":143,"column":6},"end":{"line":156,"column":7}},"type":"if","locations":[{"start":{"line":143,"column":6},"end":{"line":156,"column":7}},{"start":{"line":154,"column":13},"end":{"line":156,"column":7}}],"line":143},"11":{"loc":{"start":{"line":143,"column":10},"end":{"line":143,"column":42}},"type":"binary-expr","locations":[{"start":{"line":143,"column":10},"end":{"line":143,"column":24}},{"start":{"line":143,"column":28},"end":{"line":143,"column":42}}],"line":143},"12":{"loc":{"start":{"line":155,"column":17},"end":{"line":155,"column":68}},"type":"binary-expr","locations":[{"start":{"line":155,"column":17},"end":{"line":155,"column":38}},{"start":{"line":155,"column":42},"end":{"line":155,"column":68}}],"line":155},"13":{"loc":{"start":{"line":158,"column":15},"end":{"line":158,"column":60}},"type":"binary-expr","locations":[{"start":{"line":158,"column":15},"end":{"line":158,"column":26}},{"start":{"line":158,"column":30},"end":{"line":158,"column":60}}],"line":158},"14":{"loc":{"start":{"line":175,"column":2},"end":{"line":177,"column":3}},"type":"if","locations":[{"start":{"line":175,"column":2},"end":{"line":177,"column":3}},{"start":{},"end":{}}],"line":175},"15":{"loc":{"start":{"line":179,"column":2},"end":{"line":187,"column":3}},"type":"if","locations":[{"start":{"line":179,"column":2},"end":{"line":187,"column":3}},{"start":{},"end":{}}],"line":179},"16":{"loc":{"start":{"line":179,"column":6},"end":{"line":179,"column":26}},"type":"binary-expr","locations":[{"start":{"line":179,"column":6},"end":{"line":179,"column":11}},{"start":{"line":179,"column":15},"end":{"line":179,"column":26}}],"line":179},"17":{"loc":{"start":{"line":248,"column":59},"end":{"line":248,"column":78}},"type":"binary-expr","locations":[{"start":{"line":248,"column":59},"end":{"line":248,"column":73}},{"start":{"line":248,"column":77},"end":{"line":248,"column":78}}],"line":248},"18":{"loc":{"start":{"line":254,"column":11},"end":{"line":258,"column":11}},"type":"binary-expr","locations":[{"start":{"line":254,"column":11},"end":{"line":254,"column":22}},{"start":{"line":255,"column":12},"end":{"line":257,"column":25}}],"line":254},"19":{"loc":{"start":{"line":286,"column":19},"end":{"line":286,"column":46}},"type":"binary-expr","locations":[{"start":{"line":286,"column":19},"end":{"line":286,"column":40}},{"start":{"line":286,"column":44},"end":{"line":286,"column":46}}],"line":286},"20":{"loc":{"start":{"line":318,"column":11},"end":{"line":322,"column":11}},"type":"binary-expr","locations":[{"start":{"line":318,"column":11},"end":{"line":318,"column":21}},{"start":{"line":319,"column":12},"end":{"line":321,"column":25}}],"line":318}},"s":{"0":0,"1":0,"2":0,"3":0,"4":0,"5":0,"6":0,"7":0,"8":0,"9":0,"10":0,"11":0,"12":0,"13":0,"14":0,"15":0,"16":0,"17":0,"18":0,"19":0,"20":0,"21":0,"22":0,"23":0,"24":0,"25":0,"26":0,"27":0,"28":0,"29":0,"30":0,"31":0,"32":0,"33":0,"34":0,"35":0,"36":0,"37":0,"38":0,"39":0,"40":0,"41":0,"42":0,"43":0,"44":0,"45":0,"46":0,"47":0,"48":0,"49":0,"50":0,"51":0,"52":0,"53":0,"54":0,"55":0,"56":0,"57":0,"58":0,"59":0,"60":0,"61":0,"62":0,"63":0,"64":0,"65":0,"66":0,"67":0,"68":0,"69":0,"70":0,"71":0,"72":0,"73":0,"74":0,"75":0,"76":0,"77":0,"78":0,"79":0,"80":0,"81":0,"82":0},"f":{"0":0,"1":0,"2":0,"3":0,"4":0,"5":0,"6":0,"7":0,"8":0,"9":0,"10":0,"11":0,"12":0,"13":0,"14":0,"15":0,"16":0,"17":0,"18":0,"19":0,"20":0,"21":0,"22":0,"23":0},"b":{"0":[0,0],"1":[0,0],"2":[0,0],"3":[0,0],"4":[0,0],"5":[0,0],"6":[0,0],"7":[0,0],"8":[0,0],"9":[0,0],"10":[0,0],"11":[0,0],"12":[0,0],"13":[0,0],"14":[0,0],"15":[0,0],"16":[0,0],"17":[0,0],"18":[0,0],"19":[0,0],"20":[0,0]}}
,"C:\\Users\\cds9\\track_journal\\src\\components\\Card.tsx": {"path":"C:\\Users\\cds9\\track_journal\\src\\components\\Card.tsx","statementMap":{"0":{"start":{"line":20,"column":20},"end":{"line":20,"column":30}},"1":{"start":{"line":22,"column":21},"end":{"line":27,"column":3}},"2":{"start":{"line":29,"column":20},"end":{"line":34,"column":3}},"3":{"start":{"line":36,"column":31},"end":{"line":48,"column":3}},"4":{"start":{"line":50,"column":2},"end":{"line":54,"column":4}}},"fnMap":{"0":{"name":"Card","decl":{"start":{"line":13,"column":16},"end":{"line":13,"column":20}},"loc":{"start":{"line":19,"column":33},"end":{"line":55,"column":1}},"line":19}},"branchMap":{"0":{"loc":{"start":{"line":16,"column":2},"end":{"line":16,"column":20}},"type":"default-arg","locations":[{"start":{"line":16,"column":12},"end":{"line":16,"column":20}}],"line":16},"1":{"loc":{"start":{"line":17,"column":2},"end":{"line":17,"column":18}},"type":"default-arg","locations":[{"start":{"line":17,"column":11},"end":{"line":17,"column":18}}],"line":17},"2":{"loc":{"start":{"line":18,"column":2},"end":{"line":18,"column":15}},"type":"default-arg","locations":[{"start":{"line":18,"column":14},"end":{"line":18,"column":15}}],"line":18}},"s":{"0":0,"1":0,"2":0,"3":0,"4":0},"f":{"0":0},"b":{"0":[0],"1":[0],"2":[0]}}
,"C:\\Users\\cds9\\track_journal\\src\\components\\EmptyState.tsx": {"path":"C:\\Users\\cds9\\track_journal\\src\\components\\EmptyState.tsx","statementMap":{"0":{"start":{"line":27,"column":20},"end":{"line":27,"column":30}},"1":{"start":{"line":29,"column":2},"end":{"line":72,"column":4}},"2":{"start":{"line":60,"column":12},"end":{"line":65,"column":14}},"3":{"start":{"line":75,"column":15},"end":{"line":102,"column":2}}},"fnMap":{"0":{"name":"EmptyState","decl":{"start":{"line":18,"column":16},"end":{"line":18,"column":26}},"loc":{"start":{"line":26,"column":39},"end":{"line":73,"column":1}},"line":26},"1":{"name":"(anonymous_1)","decl":{"start":{"line":59,"column":16},"end":{"line":59,"column":17}},"loc":{"start":{"line":60,"column":12},"end":{"line":65,"column":14}},"line":60}},"branchMap":{"0":{"loc":{"start":{"line":19,"column":2},"end":{"line":19,"column":24}},"type":"default-arg","locations":[{"start":{"line":19,"column":9},"end":{"line":19,"column":24}}],"line":19},"1":{"loc":{"start":{"line":20,"column":2},"end":{"line":20,"column":39}},"type":"default-arg","locations":[{"start":{"line":20,"column":15},"end":{"line":20,"column":39}}],"line":20},"2":{"loc":{"start":{"line":21,"column":2},"end":{"line":21,"column":26}},"type":"default-arg","locations":[{"start":{"line":21,"column":10},"end":{"line":21,"column":26}}],"line":21},"3":{"loc":{"start":{"line":22,"column":2},"end":{"line":22,"column":58}},"type":"default-arg","locations":[{"start":{"line":22,"column":12},"end":{"line":22,"column":58}}],"line":22},"4":{"loc":{"start":{"line":23,"column":2},"end":{"line":23,"column":25}},"type":"default-arg","locations":[{"start":{"line":23,"column":15},"end":{"line":23,"column":25}}],"line":23},"5":{"loc":{"start":{"line":25,"column":2},"end":{"line":25,"column":20}},"type":"default-arg","locations":[{"start":{"line":25,"column":15},"end":{"line":25,"column":20}}],"line":25},"6":{"loc":{"start":{"line":53,"column":7},"end":{"line":70,"column":7}},"type":"binary-expr","locations":[{"start":{"line":53,"column":7},"end":{"line":53,"column":17}},{"start":{"line":53,"column":21},"end":{"line":53,"column":29}},{"start":{"line":54,"column":8},"end":{"line":69,"column":17}}],"line":53}},"s":{"0":0,"1":0,"2":0,"3":0},"f":{"0":0,"1":0},"b":{"0":[0],"1":[0],"2":[0],"3":[0],"4":[0],"5":[0],"6":[0,0,0]}}
,"C:\\Users\\cds9\\track_journal\\src\\components\\ErrorState.tsx": {"path":"C:\\Users\\cds9\\track_journal\\src\\components\\ErrorState.tsx","statementMap":{"0":{"start":{"line":23,"column":20},"end":{"line":23,"column":30}},"1":{"start":{"line":25,"column":2},"end":{"line":68,"column":4}},"2":{"start":{"line":56,"column":12},"end":{"line":61,"column":14}},"3":{"start":{"line":71,"column":15},"end":{"line":98,"column":2}}},"fnMap":{"0":{"name":"ErrorState","decl":{"start":{"line":16,"column":16},"end":{"line":16,"column":26}},"loc":{"start":{"line":22,"column":39},"end":{"line":69,"column":1}},"line":22},"1":{"name":"(anonymous_1)","decl":{"start":{"line":55,"column":16},"end":{"line":55,"column":17}},"loc":{"start":{"line":56,"column":12},"end":{"line":61,"column":14}},"line":56}},"branchMap":{"0":{"loc":{"start":{"line":17,"column":2},"end":{"line":17,"column":32}},"type":"default-arg","locations":[{"start":{"line":17,"column":10},"end":{"line":17,"column":32}}],"line":17},"1":{"loc":{"start":{"line":18,"column":2},"end":{"line":18,"column":76}},"type":"default-arg","locations":[{"start":{"line":18,"column":12},"end":{"line":18,"column":76}}],"line":18},"2":{"loc":{"start":{"line":20,"column":2},"end":{"line":20,"column":18}},"type":"default-arg","locations":[{"start":{"line":20,"column":14},"end":{"line":20,"column":18}}],"line":20},"3":{"loc":{"start":{"line":21,"column":2},"end":{"line":21,"column":25}},"type":"default-arg","locations":[{"start":{"line":21,"column":14},"end":{"line":21,"column":25}}],"line":21},"4":{"loc":{"start":{"line":49,"column":7},"end":{"line":66,"column":7}},"type":"binary-expr","locations":[{"start":{"line":49,"column":7},"end":{"line":49,"column":16}},{"start":{"line":49,"column":20},"end":{"line":49,"column":27}},{"start":{"line":50,"column":8},"end":{"line":65,"column":17}}],"line":49}},"s":{"0":2,"1":2,"2":2,"3":1},"f":{"0":2,"1":2},"b":{"0":[0],"1":[0],"2":[2],"3":[2],"4":[2,2,2]},"_coverageSchema":"1a1c01bbd47fc00a2c39e90264f33305004495a9","hash":"7a5869548695252292fbed8efd3b23b1c02e43c1"}
,"C:\\Users\\cds9\\track_journal\\src\\components\\Icon.tsx": {"path":"C:\\Users\\cds9\\track_journal\\src\\components\\Icon.tsx","statementMap":{"0":{"start":{"line":31,"column":44},"end":{"line":37,"column":1}},"1":{"start":{"line":40,"column":21},"end":{"line":46,"column":1}},"2":{"start":{"line":55,"column":20},"end":{"line":55,"column":30}},"3":{"start":{"line":58,"column":19},"end":{"line":58,"column":68}},"4":{"start":{"line":61,"column":20},"end":{"line":61,"column":51}},"5":{"start":{"line":64,"column":24},"end":{"line":64,"column":44}},"6":{"start":{"line":66,"column":2},"end":{"line":73,"column":4}},"7":{"start":{"line":76,"column":15},"end":{"line":80,"column":2}}},"fnMap":{"0":{"name":"Icon","decl":{"start":{"line":48,"column":16},"end":{"line":48,"column":20}},"loc":{"start":{"line":54,"column":33},"end":{"line":74,"column":1}},"line":54}},"branchMap":{"0":{"loc":{"start":{"line":50,"column":2},"end":{"line":50,"column":35}},"type":"default-arg","locations":[{"start":{"line":50,"column":11},"end":{"line":50,"column":35}}],"line":50},"1":{"loc":{"start":{"line":51,"column":2},"end":{"line":51,"column":13}},"type":"default-arg","locations":[{"start":{"line":51,"column":9},"end":{"line":51,"column":13}}],"line":51},"2":{"loc":{"start":{"line":58,"column":19},"end":{"line":58,"column":68}},"type":"cond-expr","locations":[{"start":{"line":58,"column":46},"end":{"line":58,"column":50}},{"start":{"line":58,"column":53},"end":{"line":58,"column":68}}],"line":58},"3":{"loc":{"start":{"line":61,"column":20},"end":{"line":61,"column":51}},"type":"binary-expr","locations":[{"start":{"line":61,"column":20},"end":{"line":61,"column":25}},{"start":{"line":61,"column":29},"end":{"line":61,"column":51}}],"line":61}},"s":{"0":1,"1":1,"2":294,"3":294,"4":294,"5":294,"6":294,"7":1},"f":{"0":294},"b":{"0":[0],"1":[0],"2":[2,292],"3":[294,2]},"_coverageSchema":"1a1c01bbd47fc00a2c39e90264f33305004495a9","hash":"f857fe2f9ebaba229081e4dcd3b2ba009b586b4c"}
,"C:\\Users\\cds9\\track_journal\\src\\components\\IconConstants.ts": {"path":"C:\\Users\\cds9\\track_journal\\src\\components\\IconConstants.ts","statementMap":{"0":{"start":{"line":4,"column":32},"end":{"line":40,"column":1}},"1":{"start":{"line":43,"column":28},"end":{"line":80,"column":1}},"2":{"start":{"line":83,"column":28},"end":{"line":104,"column":1}},"3":{"start":{"line":107,"column":29},"end":{"line":140,"column":1}},"4":{"start":{"line":143,"column":29},"end":{"line":172,"column":1}},"5":{"start":{"line":175,"column":26},"end":{"line":200,"column":1}},"6":{"start":{"line":203,"column":26},"end":{"line":224,"column":1}},"7":{"start":{"line":227,"column":27},"end":{"line":252,"column":1}},"8":{"start":{"line":255,"column":35},"end":{"line":280,"column":1}},"9":{"start":{"line":283,"column":28},"end":{"line":304,"column":1}},"10":{"start":{"line":307,"column":21},"end":{"line":318,"column":1}}},"fnMap":{},"branchMap":{},"s":{"0":1,"1":1,"2":1,"3":1,"4":1,"5":1,"6":1,"7":1,"8":1,"9":1,"10":1},"f":{},"b":{},"_coverageSchema":"1a1c01bbd47fc00a2c39e90264f33305004495a9","hash":"5b92684f0836fdfab30127c5a71c52c603fdf5ef"}
,"C:\\Users\\cds9\\track_journal\\src\\components\\LoadingState.tsx": {"path":"C:\\Users\\cds9\\track_journal\\src\\components\\LoadingState.tsx","statementMap":{"0":{"start":{"line":19,"column":20},"end":{"line":19,"column":30}},"1":{"start":{"line":21,"column":2},"end":{"line":44,"column":4}},"2":{"start":{"line":47,"column":15},"end":{"line":63,"column":2}}},"fnMap":{"0":{"name":"LoadingState","decl":{"start":{"line":14,"column":16},"end":{"line":14,"column":28}},"loc":{"start":{"line":18,"column":41},"end":{"line":45,"column":1}},"line":18}},"branchMap":{"0":{"loc":{"start":{"line":15,"column":2},"end":{"line":15,"column":24}},"type":"default-arg","locations":[{"start":{"line":15,"column":12},"end":{"line":15,"column":24}}],"line":15},"1":{"loc":{"start":{"line":16,"column":2},"end":{"line":16,"column":16}},"type":"default-arg","locations":[{"start":{"line":16,"column":9},"end":{"line":16,"column":16}}],"line":16},"2":{"loc":{"start":{"line":17,"column":2},"end":{"line":17,"column":17}},"type":"default-arg","locations":[{"start":{"line":17,"column":13},"end":{"line":17,"column":17}}],"line":17},"3":{"loc":{"start":{"line":23,"column":7},"end":{"line":31,"column":7}},"type":"binary-expr","locations":[{"start":{"line":23,"column":7},"end":{"line":23,"column":15}},{"start":{"line":24,"column":8},"end":{"line":30,"column":10}}],"line":23}},"s":{"0":0,"1":0,"2":1},"f":{"0":0},"b":{"0":[0],"1":[0],"2":[0],"3":[0,0]},"_coverageSchema":"1a1c01bbd47fc00a2c39e90264f33305004495a9","hash":"ec81701ff932d9914904b978438ca334b5e2c2ec"}
,"C:\\Users\\cds9\\track_journal\\src\\components\\SearchableDropdown.tsx": {"path":"C:\\Users\\cds9\\track_journal\\src\\components\\SearchableDropdown.tsx","statementMap":{"0":{"start":{"line":33,"column":20},"end":{"line":33,"column":30}},"1":{"start":{"line":34,"column":30},"end":{"line":34,"column":45}},"2":{"start":{"line":35,"column":38},"end":{"line":35,"column":50}},"3":{"start":{"line":36,"column":42},"end":{"line":36,"column":56}},"4":{"start":{"line":37,"column":19},"end":{"line":37,"column":36}},"5":{"start":{"line":39,"column":2},"end":{"line":48,"column":25}},"6":{"start":{"line":40,"column":4},"end":{"line":47,"column":5}},"7":{"start":{"line":41,"column":6},"end":{"line":41,"column":28}},"8":{"start":{"line":43,"column":23},"end":{"line":45,"column":7}},"9":{"start":{"line":44,"column":8},"end":{"line":44,"column":66}},"10":{"start":{"line":46,"column":6},"end":{"line":46,"column":32}},"11":{"start":{"line":50,"column":23},"end":{"line":50,"column":59}},"12":{"start":{"line":50,"column":41},"end":{"line":50,"column":58}},"13":{"start":{"line":52,"column":21},"end":{"line":57,"column":3}},"14":{"start":{"line":53,"column":4},"end":{"line":56,"column":5}},"15":{"start":{"line":54,"column":6},"end":{"line":54,"column":22}},"16":{"start":{"line":55,"column":6},"end":{"line":55,"column":24}},"17":{"start":{"line":59,"column":22},"end":{"line":62,"column":3}},"18":{"start":{"line":60,"column":4},"end":{"line":60,"column":21}},"19":{"start":{"line":61,"column":4},"end":{"line":61,"column":22}},"20":{"start":{"line":64,"column":23},"end":{"line":67,"column":3}},"21":{"start":{"line":65,"column":4},"end":{"line":65,"column":27}},"22":{"start":{"line":66,"column":4},"end":{"line":66,"column":18}},"23":{"start":{"line":69,"column":22},"end":{"line":71,"column":3}},"24":{"start":{"line":70,"column":4},"end":{"line":70,"column":22}},"25":{"start":{"line":73,"column":2},"end":{"line":270,"column":4}},"26":{"start":{"line":162,"column":45},"end":{"line":162,"column":49}},"27":{"start":{"line":214,"column":18},"end":{"line":247,"column":37}},"28":{"start":{"line":224,"column":35},"end":{"line":224,"column":53}},"29":{"start":{"line":273,"column":15},"end":{"line":364,"column":2}}},"fnMap":{"0":{"name":"SearchableDropdown","decl":{"start":{"line":21,"column":16},"end":{"line":21,"column":34}},"loc":{"start":{"line":32,"column":47},"end":{"line":271,"column":1}},"line":32},"1":{"name":"(anonymous_1)","decl":{"start":{"line":39,"column":12},"end":{"line":39,"column":13}},"loc":{"start":{"line":39,"column":18},"end":{"line":48,"column":3}},"line":39},"2":{"name":"(anonymous_2)","decl":{"start":{"line":43,"column":35},"end":{"line":43,"column":36}},"loc":{"start":{"line":44,"column":8},"end":{"line":44,"column":66}},"line":44},"3":{"name":"(anonymous_3)","decl":{"start":{"line":50,"column":33},"end":{"line":50,"column":34}},"loc":{"start":{"line":50,"column":41},"end":{"line":50,"column":58}},"line":50},"4":{"name":"(anonymous_4)","decl":{"start":{"line":52,"column":21},"end":{"line":52,"column":22}},"loc":{"start":{"line":52,"column":27},"end":{"line":57,"column":3}},"line":52},"5":{"name":"(anonymous_5)","decl":{"start":{"line":59,"column":22},"end":{"line":59,"column":23}},"loc":{"start":{"line":59,"column":28},"end":{"line":62,"column":3}},"line":59},"6":{"name":"(anonymous_6)","decl":{"start":{"line":64,"column":23},"end":{"line":64,"column":24}},"loc":{"start":{"line":64,"column":63},"end":{"line":67,"column":3}},"line":64},"7":{"name":"(anonymous_7)","decl":{"start":{"line":69,"column":22},"end":{"line":69,"column":23}},"loc":{"start":{"line":69,"column":28},"end":{"line":71,"column":3}},"line":69},"8":{"name":"(anonymous_8)","decl":{"start":{"line":162,"column":39},"end":{"line":162,"column":40}},"loc":{"start":{"line":162,"column":45},"end":{"line":162,"column":49}},"line":162},"9":{"name":"(anonymous_9)","decl":{"start":{"line":213,"column":33},"end":{"line":213,"column":34}},"loc":{"start":{"line":214,"column":18},"end":{"line":247,"column":37}},"line":214},"10":{"name":"(anonymous_10)","decl":{"start":{"line":224,"column":29},"end":{"line":224,"column":30}},"loc":{"start":{"line":224,"column":35},"end":{"line":224,"column":53}},"line":224}},"branchMap":{"0":{"loc":{"start":{"line":26,"column":2},"end":{"line":26,"column":34}},"type":"default-arg","locations":[{"start":{"line":26,"column":16},"end":{"line":26,"column":34}}],"line":26},"1":{"loc":{"start":{"line":27,"column":2},"end":{"line":27,"column":17}},"type":"default-arg","locations":[{"start":{"line":27,"column":12},"end":{"line":27,"column":17}}],"line":27},"2":{"loc":{"start":{"line":29,"column":2},"end":{"line":29,"column":18}},"type":"default-arg","locations":[{"start":{"line":29,"column":13},"end":{"line":29,"column":18}}],"line":29},"3":{"loc":{"start":{"line":30,"column":2},"end":{"line":30,"column":33}},"type":"default-arg","locations":[{"start":{"line":30,"column":22},"end":{"line":30,"column":33}}],"line":30},"4":{"loc":{"start":{"line":31,"column":2},"end":{"line":31,"column":40}},"type":"default-arg","locations":[{"start":{"line":31,"column":18},"end":{"line":31,"column":40}}],"line":31},"5":{"loc":{"start":{"line":40,"column":4},"end":{"line":47,"column":5}},"type":"if","locations":[{"start":{"line":40,"column":4},"end":{"line":47,"column":5}},{"start":{"line":42,"column":11},"end":{"line":47,"column":5}}],"line":40},"6":{"loc":{"start":{"line":53,"column":4},"end":{"line":56,"column":5}},"type":"if","locations":[{"start":{"line":53,"column":4},"end":{"line":56,"column":5}},{"start":{},"end":{}}],"line":53},"7":{"loc":{"start":{"line":87,"column":25},"end":{"line":87,"column":74}},"type":"cond-expr","locations":[{"start":{"line":87,"column":33},"end":{"line":87,"column":51}},{"start":{"line":87,"column":54},"end":{"line":87,"column":74}}],"line":87},"8":{"loc":{"start":{"line":89,"column":10},"end":{"line":89,"column":38}},"type":"binary-expr","locations":[{"start":{"line":89,"column":10},"end":{"line":89,"column":18}},{"start":{"line":89,"column":22},"end":{"line":89,"column":38}}],"line":89},"9":{"loc":{"start":{"line":95,"column":11},"end":{"line":109,"column":11}},"type":"cond-expr","locations":[{"start":{"line":96,"column":12},"end":{"line":101,"column":19}},{"start":{"line":103,"column":12},"end":{"line":108,"column":19}}],"line":95},"10":{"loc":{"start":{"line":112,"column":13},"end":{"line":125,"column":13}},"type":"binary-expr","locations":[{"start":{"line":112,"column":13},"end":{"line":112,"column":18}},{"start":{"line":113,"column":14},"end":{"line":124,"column":33}}],"line":112},"11":{"loc":{"start":{"line":128,"column":20},"end":{"line":128,"column":58}},"type":"cond-expr","locations":[{"start":{"line":128,"column":29},"end":{"line":128,"column":41}},{"start":{"line":128,"column":44},"end":{"line":128,"column":58}}],"line":128},"12":{"loc":{"start":{"line":137,"column":7},"end":{"line":144,"column":7}},"type":"binary-expr","locations":[{"start":{"line":137,"column":7},"end":{"line":137,"column":12}},{"start":{"line":138,"column":8},"end":{"line":143,"column":15}}],"line":137},"13":{"loc":{"start":{"line":202,"column":15},"end":{"line":264,"column":15}},"type":"cond-expr","locations":[{"start":{"line":203,"column":16},"end":{"line":211,"column":23}},{"start":{"line":212,"column":18},"end":{"line":264,"column":15}}],"line":202},"14":{"loc":{"start":{"line":212,"column":18},"end":{"line":264,"column":15}},"type":"cond-expr","locations":[{"start":{"line":213,"column":16},"end":{"line":248,"column":18}},{"start":{"line":250,"column":16},"end":{"line":263,"column":23}}],"line":212},"15":{"loc":{"start":{"line":219,"column":41},"end":{"line":221,"column":41}},"type":"cond-expr","locations":[{"start":{"line":220,"column":28},"end":{"line":220,"column":57}},{"start":{"line":221,"column":28},"end":{"line":221,"column":41}}],"line":219},"16":{"loc":{"start":{"line":231,"column":33},"end":{"line":233,"column":52}},"type":"cond-expr","locations":[{"start":{"line":232,"column":30},"end":{"line":232,"column":61}},{"start":{"line":233,"column":30},"end":{"line":233,"column":52}}],"line":231},"17":{"loc":{"start":{"line":239,"column":21},"end":{"line":246,"column":21}},"type":"binary-expr","locations":[{"start":{"line":239,"column":21},"end":{"line":239,"column":38}},{"start":{"line":240,"column":22},"end":{"line":245,"column":24}}],"line":239}},"s":{"0":233,"1":233,"2":233,"3":233,"4":233,"5":233,"6":130,"7":130,"8":0,"9":0,"10":0,"11":233,"12":467,"13":233,"14":2,"15":2,"16":2,"17":233,"18":0,"19":0,"20":233,"21":0,"22":0,"23":233,"24":0,"25":233,"26":0,"27":498,"28":0,"29":1},"f":{"0":233,"1":130,"2":0,"3":467,"4":2,"5":0,"6":0,"7":0,"8":0,"9":498,"10":0},"b":{"0":[0],"1":[92],"2":[158],"3":[0],"4":[92],"5":[130,0],"6":[2,0],"7":[12,221],"8":[233,59],"9":[23,210],"10":[233,55],"11":[2,231],"12":[233,12],"13":[40,193],"14":[111,82],"15":[23,475],"16":[23,475],"17":[498,23]},"_coverageSchema":"1a1c01bbd47fc00a2c39e90264f33305004495a9","hash":"29ebcf8317511d68f461cff0107b6adee1f4c128"}
,"C:\\Users\\cds9\\track_journal\\src\\components\\SocialAuthButtons.tsx": {"path":"C:\\Users\\cds9\\track_journal\\src\\components\\SocialAuthButtons.tsx","statementMap":{"0":{"start":{"line":19,"column":32},"end":{"line":19,"column":47}},"1":{"start":{"line":21,"column":29},"end":{"line":41,"column":3}},"2":{"start":{"line":22,"column":4},"end":{"line":22,"column":36}},"3":{"start":{"line":22,"column":29},"end":{"line":22,"column":36}},"4":{"start":{"line":24,"column":4},"end":{"line":24,"column":21}},"5":{"start":{"line":25,"column":4},"end":{"line":40,"column":5}},"6":{"start":{"line":26,"column":21},"end":{"line":26,"column":45}},"7":{"start":{"line":28,"column":6},"end":{"line":32,"column":7}},"8":{"start":{"line":29,"column":8},"end":{"line":29,"column":33}},"9":{"start":{"line":30,"column":13},"end":{"line":32,"column":7}},"10":{"start":{"line":31,"column":8},"end":{"line":31,"column":32}},"11":{"start":{"line":34,"column":6},"end":{"line":37,"column":9}},"12":{"start":{"line":39,"column":6},"end":{"line":39,"column":24}},"13":{"start":{"line":43,"column":2},"end":{"line":86,"column":4}},"14":{"start":{"line":58,"column":12},"end":{"line":63,"column":14}},"15":{"start":{"line":89,"column":15},"end":{"line":114,"column":2}}},"fnMap":{"0":{"name":"SocialAuthButtons","decl":{"start":{"line":14,"column":24},"end":{"line":14,"column":41}},"loc":{"start":{"line":18,"column":46},"end":{"line":87,"column":1}},"line":18},"1":{"name":"(anonymous_1)","decl":{"start":{"line":21,"column":29},"end":{"line":21,"column":30}},"loc":{"start":{"line":21,"column":41},"end":{"line":41,"column":3}},"line":21},"2":{"name":"(anonymous_2)","decl":{"start":{"line":57,"column":16},"end":{"line":57,"column":17}},"loc":{"start":{"line":58,"column":12},"end":{"line":63,"column":14}},"line":58}},"branchMap":{"0":{"loc":{"start":{"line":17,"column":2},"end":{"line":17,"column":18}},"type":"default-arg","locations":[{"start":{"line":17,"column":13},"end":{"line":17,"column":18}}],"line":17},"1":{"loc":{"start":{"line":22,"column":4},"end":{"line":22,"column":36}},"type":"if","locations":[{"start":{"line":22,"column":4},"end":{"line":22,"column":36}},{"start":{},"end":{}}],"line":22},"2":{"loc":{"start":{"line":22,"column":8},"end":{"line":22,"column":27}},"type":"binary-expr","locations":[{"start":{"line":22,"column":8},"end":{"line":22,"column":15}},{"start":{"line":22,"column":19},"end":{"line":22,"column":27}}],"line":22},"3":{"loc":{"start":{"line":28,"column":6},"end":{"line":32,"column":7}},"type":"if","locations":[{"start":{"line":28,"column":6},"end":{"line":32,"column":7}},{"start":{"line":30,"column":13},"end":{"line":32,"column":7}}],"line":28},"4":{"loc":{"start":{"line":28,"column":10},"end":{"line":28,"column":39}},"type":"binary-expr","locations":[{"start":{"line":28,"column":10},"end":{"line":28,"column":24}},{"start":{"line":28,"column":28},"end":{"line":28,"column":39}}],"line":28},"5":{"loc":{"start":{"line":30,"column":13},"end":{"line":32,"column":7}},"type":"if","locations":[{"start":{"line":30,"column":13},"end":{"line":32,"column":7}},{"start":{},"end":{}}],"line":30},"6":{"loc":{"start":{"line":54,"column":20},"end":{"line":54,"column":39}},"type":"binary-expr","locations":[{"start":{"line":54,"column":20},"end":{"line":54,"column":27}},{"start":{"line":54,"column":31},"end":{"line":54,"column":39}}],"line":54}},"s":{"0":0,"1":0,"2":0,"3":0,"4":0,"5":0,"6":0,"7":0,"8":0,"9":0,"10":0,"11":0,"12":0,"13":0,"14":0,"15":0},"f":{"0":0,"1":0,"2":0},"b":{"0":[0],"1":[0,0],"2":[0,0],"3":[0,0],"4":[0,0],"5":[0,0],"6":[0,0]}}
,"C:\\Users\\cds9\\track_journal\\src\\components\\VehicleCard.tsx": {"path":"C:\\Users\\cds9\\track_journal\\src\\components\\VehicleCard.tsx","statementMap":{"0":{"start":{"line":24,"column":20},"end":{"line":24,"column":30}},"1":{"start":{"line":26,"column":22},"end":{"line":26,"column":77}},"2":{"start":{"line":26,"column":49},"end":{"line":26,"column":76}},"3":{"start":{"line":27,"column":22},"end":{"line":27,"column":117}},"4":{"start":{"line":29,"column":22},"end":{"line":35,"column":3}},"5":{"start":{"line":30,"column":4},"end":{"line":34,"column":5}},"6":{"start":{"line":31,"column":6},"end":{"line":31,"column":22}},"7":{"start":{"line":32,"column":11},"end":{"line":34,"column":5}},"8":{"start":{"line":33,"column":6},"end":{"line":33,"column":23}},"9":{"start":{"line":37,"column":21},"end":{"line":41,"column":3}},"10":{"start":{"line":38,"column":4},"end":{"line":40,"column":5}},"11":{"start":{"line":39,"column":6},"end":{"line":39,"column":22}},"12":{"start":{"line":43,"column":23},"end":{"line":47,"column":3}},"13":{"start":{"line":44,"column":4},"end":{"line":46,"column":5}},"14":{"start":{"line":45,"column":6},"end":{"line":45,"column":24}},"15":{"start":{"line":49,"column":2},"end":{"line":171,"column":4}},"16":{"start":{"line":85,"column":20},"end":{"line":90,"column":22}},"17":{"start":{"line":100,"column":20},"end":{"line":105,"column":22}},"18":{"start":{"line":174,"column":15},"end":{"line":238,"column":2}}},"fnMap":{"0":{"name":"VehicleCard","decl":{"start":{"line":17,"column":16},"end":{"line":17,"column":27}},"loc":{"start":{"line":23,"column":40},"end":{"line":172,"column":1}},"line":23},"1":{"name":"(anonymous_1)","decl":{"start":{"line":26,"column":41},"end":{"line":26,"column":42}},"loc":{"start":{"line":26,"column":49},"end":{"line":26,"column":76}},"line":26},"2":{"name":"(anonymous_2)","decl":{"start":{"line":29,"column":22},"end":{"line":29,"column":23}},"loc":{"start":{"line":29,"column":28},"end":{"line":35,"column":3}},"line":29},"3":{"name":"(anonymous_3)","decl":{"start":{"line":37,"column":21},"end":{"line":37,"column":22}},"loc":{"start":{"line":37,"column":27},"end":{"line":41,"column":3}},"line":37},"4":{"name":"(anonymous_4)","decl":{"start":{"line":43,"column":23},"end":{"line":43,"column":24}},"loc":{"start":{"line":43,"column":29},"end":{"line":47,"column":3}},"line":43},"5":{"name":"(anonymous_5)","decl":{"start":{"line":84,"column":24},"end":{"line":84,"column":25}},"loc":{"start":{"line":85,"column":20},"end":{"line":90,"column":22}},"line":85},"6":{"name":"(anonymous_6)","decl":{"start":{"line":99,"column":24},"end":{"line":99,"column":25}},"loc":{"start":{"line":100,"column":20},"end":{"line":105,"column":22}},"line":100}},"branchMap":{"0":{"loc":{"start":{"line":22,"column":2},"end":{"line":22,"column":20}},"type":"default-arg","locations":[{"start":{"line":22,"column":16},"end":{"line":22,"column":20}}],"line":22},"1":{"loc":{"start":{"line":27,"column":22},"end":{"line":27,"column":117}},"type":"cond-expr","locations":[{"start":{"line":27,"column":36},"end":{"line":27,"column":97}},{"start":{"line":27,"column":100},"end":{"line":27,"column":117}}],"line":27},"2":{"loc":{"start":{"line":30,"column":4},"end":{"line":34,"column":5}},"type":"if","locations":[{"start":{"line":30,"column":4},"end":{"line":34,"column":5}},{"start":{"line":32,"column":11},"end":{"line":34,"column":5}}],"line":30},"3":{"loc":{"start":{"line":32,"column":11},"end":{"line":34,"column":5}},"type":"if","locations":[{"start":{"line":32,"column":11},"end":{"line":34,"column":5}},{"start":{},"end":{}}],"line":32},"4":{"loc":{"start":{"line":38,"column":4},"end":{"line":40,"column":5}},"type":"if","locations":[{"start":{"line":38,"column":4},"end":{"line":40,"column":5}},{"start":{},"end":{}}],"line":38},"5":{"loc":{"start":{"line":44,"column":4},"end":{"line":46,"column":5}},"type":"if","locations":[{"start":{"line":44,"column":4},"end":{"line":46,"column":5}},{"start":{},"end":{}}],"line":44},"6":{"loc":{"start":{"line":80,"column":11},"end":{"line":113,"column":11}},"type":"binary-expr","locations":[{"start":{"line":80,"column":11},"end":{"line":80,"column":22}},{"start":{"line":81,"column":12},"end":{"line":112,"column":19}}],"line":80},"7":{"loc":{"start":{"line":82,"column":15},"end":{"line":96,"column":15}},"type":"binary-expr","locations":[{"start":{"line":82,"column":15},"end":{"line":82,"column":21}},{"start":{"line":83,"column":16},"end":{"line":95,"column":18}}],"line":82},"8":{"loc":{"start":{"line":97,"column":15},"end":{"line":111,"column":15}},"type":"binary-expr","locations":[{"start":{"line":97,"column":15},"end":{"line":97,"column":23}},{"start":{"line":98,"column":16},"end":{"line":110,"column":18}}],"line":97},"9":{"loc":{"start":{"line":117,"column":11},"end":{"line":126,"column":11}},"type":"binary-expr","locations":[{"start":{"line":117,"column":11},"end":{"line":117,"column":24}},{"start":{"line":118,"column":12},"end":{"line":125,"column":19}}],"line":117},"10":{"loc":{"start":{"line":128,"column":11},"end":{"line":137,"column":11}},"type":"binary-expr","locations":[{"start":{"line":128,"column":11},"end":{"line":128,"column":25}},{"start":{"line":129,"column":12},"end":{"line":136,"column":19}}],"line":128},"11":{"loc":{"start":{"line":139,"column":11},"end":{"line":148,"column":11}},"type":"binary-expr","locations":[{"start":{"line":139,"column":11},"end":{"line":139,"column":31}},{"start":{"line":140,"column":12},"end":{"line":147,"column":19}}],"line":139},"12":{"loc":{"start":{"line":150,"column":11},"end":{"line":159,"column":11}},"type":"binary-expr","locations":[{"start":{"line":150,"column":11},"end":{"line":150,"column":31}},{"start":{"line":151,"column":12},"end":{"line":158,"column":19}}],"line":150},"13":{"loc":{"start":{"line":162,"column":9},"end":{"line":168,"column":9}},"type":"binary-expr","locations":[{"start":{"line":162,"column":9},"end":{"line":162,"column":22}},{"start":{"line":163,"column":10},"end":{"line":167,"column":17}}],"line":162}},"s":{"0":0,"1":0,"2":0,"3":0,"4":0,"5":0,"6":0,"7":0,"8":0,"9":0,"10":0,"11":0,"12":0,"13":0,"14":0,"15":0,"16":0,"17":0,"18":0},"f":{"0":0,"1":0,"2":0,"3":0,"4":0,"5":0,"6":0},"b":{"0":[0],"1":[0,0],"2":[0,0],"3":[0,0],"4":[0,0],"5":[0,0],"6":[0,0],"7":[0,0],"8":[0,0],"9":[0,0],"10":[0,0],"11":[0,0],"12":[0,0],"13":[0,0]}}
,"C:\\Users\\cds9\\track_journal\\src\\components\\VehicleForm.tsx": {"path":"C:\\Users\\cds9\\track_journal\\src\\components\\VehicleForm.tsx","statementMap":{"0":{"start":{"line":35,"column":20},"end":{"line":35,"column":30}},"1":{"start":{"line":36,"column":34},"end":{"line":36,"column":49}},"2":{"start":{"line":37,"column":38},"end":{"line":37,"column":53}},"3":{"start":{"line":38,"column":28},"end":{"line":38,"column":57}},"4":{"start":{"line":41,"column":34},"end":{"line":53,"column":4}},"5":{"start":{"line":56,"column":30},"end":{"line":56,"column":67}},"6":{"start":{"line":59,"column":28},"end":{"line":59,"column":77}},"7":{"start":{"line":60,"column":30},"end":{"line":60,"column":79}},"8":{"start":{"line":61,"column":42},"end":{"line":61,"column":56}},"9":{"start":{"line":62,"column":44},"end":{"line":62,"column":59}},"10":{"start":{"line":65,"column":2},"end":{"line":67,"column":9}},"11":{"start":{"line":66,"column":4},"end":{"line":66,"column":16}},"12":{"start":{"line":70,"column":2},"end":{"line":76,"column":22}},"13":{"start":{"line":71,"column":4},"end":{"line":75,"column":5}},"14":{"start":{"line":72,"column":6},"end":{"line":72,"column":32}},"15":{"start":{"line":74,"column":6},"end":{"line":74,"column":20}},"16":{"start":{"line":79,"column":2},"end":{"line":94,"column":22}},"17":{"start":{"line":80,"column":4},"end":{"line":93,"column":5}},"18":{"start":{"line":81,"column":6},"end":{"line":92,"column":9}},"19":{"start":{"line":96,"column":20},"end":{"line":106,"column":3}},"20":{"start":{"line":97,"column":4},"end":{"line":105,"column":5}},"21":{"start":{"line":98,"column":6},"end":{"line":98,"column":28}},"22":{"start":{"line":99,"column":24},"end":{"line":99,"column":47}},"23":{"start":{"line":100,"column":6},"end":{"line":100,"column":74}},"24":{"start":{"line":100,"column":38},"end":{"line":100,"column":70}},"25":{"start":{"line":102,"column":6},"end":{"line":102,"column":47}},"26":{"start":{"line":104,"column":6},"end":{"line":104,"column":29}},"27":{"start":{"line":108,"column":21},"end":{"line":118,"column":3}},"28":{"start":{"line":109,"column":4},"end":{"line":117,"column":5}},"29":{"start":{"line":110,"column":6},"end":{"line":110,"column":29}},"30":{"start":{"line":111,"column":25},"end":{"line":111,"column":55}},"31":{"start":{"line":112,"column":6},"end":{"line":112,"column":79}},"32":{"start":{"line":112,"column":41},"end":{"line":112,"column":75}},"33":{"start":{"line":114,"column":6},"end":{"line":114,"column":48}},"34":{"start":{"line":116,"column":6},"end":{"line":116,"column":30}},"35":{"start":{"line":120,"column":25},"end":{"line":127,"column":3}},"36":{"start":{"line":121,"column":4},"end":{"line":121,"column":55}},"37":{"start":{"line":121,"column":25},"end":{"line":121,"column":52}},"38":{"start":{"line":124,"column":4},"end":{"line":126,"column":5}},"39":{"start":{"line":125,"column":6},"end":{"line":125,"column":59}},"40":{"start":{"line":125,"column":25},"end":{"line":125,"column":56}},"41":{"start":{"line":129,"column":23},"end":{"line":152,"column":3}},"42":{"start":{"line":130,"column":47},"end":{"line":130,"column":49}},"43":{"start":{"line":132,"column":4},"end":{"line":134,"column":5}},"44":{"start":{"line":133,"column":6},"end":{"line":133,"column":42}},"45":{"start":{"line":136,"column":4},"end":{"line":138,"column":5}},"46":{"start":{"line":137,"column":6},"end":{"line":137,"column":44}},"47":{"start":{"line":140,"column":4},"end":{"line":144,"column":5}},"48":{"start":{"line":141,"column":6},"end":{"line":141,"column":42}},"49":{"start":{"line":142,"column":11},"end":{"line":144,"column":5}},"50":{"start":{"line":143,"column":6},"end":{"line":143,"column":65}},"51":{"start":{"line":146,"column":4},"end":{"line":148,"column":5}},"52":{"start":{"line":147,"column":6},"end":{"line":147,"column":50}},"53":{"start":{"line":150,"column":4},"end":{"line":150,"column":25}},"54":{"start":{"line":151,"column":4},"end":{"line":151,"column":47}},"55":{"start":{"line":154,"column":23},"end":{"line":199,"column":3}},"56":{"start":{"line":155,"column":4},"end":{"line":157,"column":5}},"57":{"start":{"line":156,"column":6},"end":{"line":156,"column":13}},"58":{"start":{"line":159,"column":4},"end":{"line":198,"column":5}},"59":{"start":{"line":160,"column":6},"end":{"line":160,"column":26}},"60":{"start":{"line":161,"column":6},"end":{"line":161,"column":21}},"61":{"start":{"line":164,"column":6},"end":{"line":176,"column":7}},"62":{"start":{"line":165,"column":8},"end":{"line":165,"column":55}},"63":{"start":{"line":167,"column":8},"end":{"line":170,"column":9}},"64":{"start":{"line":168,"column":10},"end":{"line":168,"column":59}},"65":{"start":{"line":169,"column":10},"end":{"line":169,"column":17}},"66":{"start":{"line":171,"column":46},"end":{"line":174,"column":9}},"67":{"start":{"line":175,"column":8},"end":{"line":175,"column":49}},"68":{"start":{"line":178,"column":6},"end":{"line":193,"column":7}},"69":{"start":{"line":179,"column":23},"end":{"line":179,"column":62}},"70":{"start":{"line":180,"column":8},"end":{"line":189,"column":10}},"71":{"start":{"line":186,"column":29},"end":{"line":186,"column":60}},"72":{"start":{"line":191,"column":23},"end":{"line":191,"column":62}},"73":{"start":{"line":192,"column":8},"end":{"line":192,"column":73}},"74":{"start":{"line":195,"column":6},"end":{"line":195,"column":62}},"75":{"start":{"line":197,"column":6},"end":{"line":197,"column":27}},"76":{"start":{"line":201,"column":23},"end":{"line":210,"column":3}},"77":{"start":{"line":202,"column":4},"end":{"line":209,"column":6}},"78":{"start":{"line":212,"column":2},"end":{"line":214,"column":3}},"79":{"start":{"line":213,"column":4},"end":{"line":213,"column":54}},"80":{"start":{"line":216,"column":2},"end":{"line":224,"column":3}},"81":{"start":{"line":217,"column":4},"end":{"line":223,"column":6}},"82":{"start":{"line":226,"column":16},"end":{"line":226,"column":66}},"83":{"start":{"line":227,"column":19},"end":{"line":229,"column":39}},"84":{"start":{"line":230,"column":27},"end":{"line":230,"column":77}},"85":{"start":{"line":232,"column":2},"end":{"line":411,"column":4}},"86":{"start":{"line":257,"column":38},"end":{"line":257,"column":67}},"87":{"start":{"line":269,"column":38},"end":{"line":269,"column":68}},"88":{"start":{"line":289,"column":36},"end":{"line":289,"column":79}},"89":{"start":{"line":304,"column":36},"end":{"line":304,"column":65}},"90":{"start":{"line":319,"column":36},"end":{"line":319,"column":66}},"91":{"start":{"line":328,"column":38},"end":{"line":328,"column":75}},"92":{"start":{"line":329,"column":50},"end":{"line":329,"column":74}},"93":{"start":{"line":344,"column":36},"end":{"line":344,"column":86}},"94":{"start":{"line":353,"column":36},"end":{"line":353,"column":77}},"95":{"start":{"line":375,"column":36},"end":{"line":375,"column":65}},"96":{"start":{"line":414,"column":15},"end":{"line":460,"column":2}}},"fnMap":{"0":{"name":"VehicleForm","decl":{"start":{"line":27,"column":16},"end":{"line":27,"column":27}},"loc":{"start":{"line":34,"column":40},"end":{"line":412,"column":1}},"line":34},"1":{"name":"(anonymous_1)","decl":{"start":{"line":65,"column":12},"end":{"line":65,"column":13}},"loc":{"start":{"line":65,"column":18},"end":{"line":67,"column":3}},"line":65},"2":{"name":"(anonymous_2)","decl":{"start":{"line":70,"column":12},"end":{"line":70,"column":13}},"loc":{"start":{"line":70,"column":18},"end":{"line":76,"column":3}},"line":70},"3":{"name":"(anonymous_3)","decl":{"start":{"line":79,"column":12},"end":{"line":79,"column":13}},"loc":{"start":{"line":79,"column":18},"end":{"line":94,"column":3}},"line":79},"4":{"name":"(anonymous_4)","decl":{"start":{"line":96,"column":20},"end":{"line":96,"column":21}},"loc":{"start":{"line":96,"column":32},"end":{"line":106,"column":3}},"line":96},"5":{"name":"(anonymous_5)","decl":{"start":{"line":100,"column":29},"end":{"line":100,"column":30}},"loc":{"start":{"line":100,"column":38},"end":{"line":100,"column":70}},"line":100},"6":{"name":"(anonymous_6)","decl":{"start":{"line":108,"column":21},"end":{"line":108,"column":22}},"loc":{"start":{"line":108,"column":47},"end":{"line":118,"column":3}},"line":108},"7":{"name":"(anonymous_7)","decl":{"start":{"line":112,"column":31},"end":{"line":112,"column":32}},"loc":{"start":{"line":112,"column":41},"end":{"line":112,"column":75}},"line":112},"8":{"name":"(anonymous_8)","decl":{"start":{"line":120,"column":25},"end":{"line":120,"column":26}},"loc":{"start":{"line":120,"column":73},"end":{"line":127,"column":3}},"line":120},"9":{"name":"(anonymous_9)","decl":{"start":{"line":121,"column":16},"end":{"line":121,"column":17}},"loc":{"start":{"line":121,"column":25},"end":{"line":121,"column":52}},"line":121},"10":{"name":"(anonymous_10)","decl":{"start":{"line":125,"column":16},"end":{"line":125,"column":17}},"loc":{"start":{"line":125,"column":25},"end":{"line":125,"column":56}},"line":125},"11":{"name":"(anonymous_11)","decl":{"start":{"line":129,"column":23},"end":{"line":129,"column":24}},"loc":{"start":{"line":129,"column":38},"end":{"line":152,"column":3}},"line":129},"12":{"name":"(anonymous_12)","decl":{"start":{"line":154,"column":23},"end":{"line":154,"column":24}},"loc":{"start":{"line":154,"column":35},"end":{"line":199,"column":3}},"line":154},"13":{"name":"(anonymous_13)","decl":{"start":{"line":186,"column":23},"end":{"line":186,"column":24}},"loc":{"start":{"line":186,"column":29},"end":{"line":186,"column":60}},"line":186},"14":{"name":"(anonymous_14)","decl":{"start":{"line":201,"column":23},"end":{"line":201,"column":24}},"loc":{"start":{"line":201,"column":29},"end":{"line":210,"column":3}},"line":201},"15":{"name":"(anonymous_15)","decl":{"start":{"line":257,"column":27},"end":{"line":257,"column":28}},"loc":{"start":{"line":257,"column":38},"end":{"line":257,"column":67}},"line":257},"16":{"name":"(anonymous_16)","decl":{"start":{"line":269,"column":27},"end":{"line":269,"column":28}},"loc":{"start":{"line":269,"column":38},"end":{"line":269,"column":68}},"line":269},"17":{"name":"(anonymous_17)","decl":{"start":{"line":289,"column":26},"end":{"line":289,"column":27}},"loc":{"start":{"line":289,"column":36},"end":{"line":289,"column":79}},"line":289},"18":{"name":"(anonymous_18)","decl":{"start":{"line":304,"column":26},"end":{"line":304,"column":27}},"loc":{"start":{"line":304,"column":36},"end":{"line":304,"column":65}},"line":304},"19":{"name":"(anonymous_19)","decl":{"start":{"line":319,"column":26},"end":{"line":319,"column":27}},"loc":{"start":{"line":319,"column":36},"end":{"line":319,"column":66}},"line":319},"20":{"name":"(anonymous_20)","decl":{"start":{"line":328,"column":27},"end":{"line":328,"column":28}},"loc":{"start":{"line":328,"column":38},"end":{"line":328,"column":75}},"line":328},"21":{"name":"(anonymous_21)","decl":{"start":{"line":329,"column":41},"end":{"line":329,"column":42}},"loc":{"start":{"line":329,"column":50},"end":{"line":329,"column":74}},"line":329},"22":{"name":"(anonymous_22)","decl":{"start":{"line":344,"column":26},"end":{"line":344,"column":27}},"loc":{"start":{"line":344,"column":36},"end":{"line":344,"column":86}},"line":344},"23":{"name":"(anonymous_23)","decl":{"start":{"line":353,"column":26},"end":{"line":353,"column":27}},"loc":{"start":{"line":353,"column":36},"end":{"line":353,"column":77}},"line":353},"24":{"name":"(anonymous_24)","decl":{"start":{"line":375,"column":26},"end":{"line":375,"column":27}},"loc":{"start":{"line":375,"column":36},"end":{"line":375,"column":65}},"line":375}},"branchMap":{"0":{"loc":{"start":{"line":71,"column":4},"end":{"line":75,"column":5}},"type":"if","locations":[{"start":{"line":71,"column":4},"end":{"line":75,"column":5}},{"start":{"line":73,"column":11},"end":{"line":75,"column":5}}],"line":71},"1":{"loc":{"start":{"line":80,"column":4},"end":{"line":93,"column":5}},"type":"if","locations":[{"start":{"line":80,"column":4},"end":{"line":93,"column":5}},{"start":{},"end":{}}],"line":80},"2":{"loc":{"start":{"line":80,"column":8},"end":{"line":80,"column":34}},"type":"binary-expr","locations":[{"start":{"line":80,"column":8},"end":{"line":80,"column":23}},{"start":{"line":80,"column":27},"end":{"line":80,"column":34}}],"line":80},"3":{"loc":{"start":{"line":86,"column":16},"end":{"line":86,"column":36}},"type":"binary-expr","locations":[{"start":{"line":86,"column":16},"end":{"line":86,"column":30}},{"start":{"line":86,"column":34},"end":{"line":86,"column":36}}],"line":86},"4":{"loc":{"start":{"line":87,"column":22},"end":{"line":87,"column":48}},"type":"binary-expr","locations":[{"start":{"line":87,"column":22},"end":{"line":87,"column":42}},{"start":{"line":87,"column":46},"end":{"line":87,"column":48}}],"line":87},"5":{"loc":{"start":{"line":88,"column":15},"end":{"line":88,"column":34}},"type":"binary-expr","locations":[{"start":{"line":88,"column":15},"end":{"line":88,"column":28}},{"start":{"line":88,"column":32},"end":{"line":88,"column":34}}],"line":88},"6":{"loc":{"start":{"line":89,"column":13},"end":{"line":89,"column":30}},"type":"binary-expr","locations":[{"start":{"line":89,"column":13},"end":{"line":89,"column":24}},{"start":{"line":89,"column":28},"end":{"line":89,"column":30}}],"line":89},"7":{"loc":{"start":{"line":90,"column":22},"end":{"line":90,"column":48}},"type":"binary-expr","locations":[{"start":{"line":90,"column":22},"end":{"line":90,"column":42}},{"start":{"line":90,"column":46},"end":{"line":90,"column":48}}],"line":90},"8":{"loc":{"start":{"line":91,"column":15},"end":{"line":91,"column":34}},"type":"binary-expr","locations":[{"start":{"line":91,"column":15},"end":{"line":91,"column":28}},{"start":{"line":91,"column":32},"end":{"line":91,"column":34}}],"line":91},"9":{"loc":{"start":{"line":124,"column":4},"end":{"line":126,"column":5}},"type":"if","locations":[{"start":{"line":124,"column":4},"end":{"line":126,"column":5}},{"start":{},"end":{}}],"line":124},"10":{"loc":{"start":{"line":132,"column":4},"end":{"line":134,"column":5}},"type":"if","locations":[{"start":{"line":132,"column":4},"end":{"line":134,"column":5}},{"start":{},"end":{}}],"line":132},"11":{"loc":{"start":{"line":136,"column":4},"end":{"line":138,"column":5}},"type":"if","locations":[{"start":{"line":136,"column":4},"end":{"line":138,"column":5}},{"start":{},"end":{}}],"line":136},"12":{"loc":{"start":{"line":140,"column":4},"end":{"line":144,"column":5}},"type":"if","locations":[{"start":{"line":140,"column":4},"end":{"line":144,"column":5}},{"start":{"line":142,"column":11},"end":{"line":144,"column":5}}],"line":140},"13":{"loc":{"start":{"line":142,"column":11},"end":{"line":144,"column":5}},"type":"if","locations":[{"start":{"line":142,"column":11},"end":{"line":144,"column":5}},{"start":{},"end":{}}],"line":142},"14":{"loc":{"start":{"line":142,"column":15},"end":{"line":142,"column":83}},"type":"binary-expr","locations":[{"start":{"line":142,"column":15},"end":{"line":142,"column":35}},{"start":{"line":142,"column":39},"end":{"line":142,"column":83}}],"line":142},"15":{"loc":{"start":{"line":146,"column":4},"end":{"line":148,"column":5}},"type":"if","locations":[{"start":{"line":146,"column":4},"end":{"line":148,"column":5}},{"start":{},"end":{}}],"line":146},"16":{"loc":{"start":{"line":146,"column":8},"end":{"line":146,"column":48}},"type":"binary-expr","locations":[{"start":{"line":146,"column":8},"end":{"line":146,"column":20}},{"start":{"line":146,"column":24},"end":{"line":146,"column":48}}],"line":146},"17":{"loc":{"start":{"line":155,"column":4},"end":{"line":157,"column":5}},"type":"if","locations":[{"start":{"line":155,"column":4},"end":{"line":157,"column":5}},{"start":{},"end":{}}],"line":155},"18":{"loc":{"start":{"line":164,"column":6},"end":{"line":176,"column":7}},"type":"if","locations":[{"start":{"line":164,"column":6},"end":{"line":176,"column":7}},{"start":{"line":166,"column":13},"end":{"line":176,"column":7}}],"line":164},"19":{"loc":{"start":{"line":167,"column":8},"end":{"line":170,"column":9}},"type":"if","locations":[{"start":{"line":167,"column":8},"end":{"line":170,"column":9}},{"start":{},"end":{}}],"line":167},"20":{"loc":{"start":{"line":178,"column":6},"end":{"line":193,"column":7}},"type":"if","locations":[{"start":{"line":178,"column":6},"end":{"line":193,"column":7}},{"start":{"line":190,"column":13},"end":{"line":193,"column":7}}],"line":178},"21":{"loc":{"start":{"line":178,"column":10},"end":{"line":178,"column":42}},"type":"binary-expr","locations":[{"start":{"line":178,"column":10},"end":{"line":178,"column":24}},{"start":{"line":178,"column":28},"end":{"line":178,"column":42}}],"line":178},"22":{"loc":{"start":{"line":179,"column":23},"end":{"line":179,"column":62}},"type":"cond-expr","locations":[{"start":{"line":179,"column":43},"end":{"line":179,"column":50}},{"start":{"line":179,"column":53},"end":{"line":179,"column":62}}],"line":179},"23":{"loc":{"start":{"line":191,"column":23},"end":{"line":191,"column":62}},"type":"cond-expr","locations":[{"start":{"line":191,"column":43},"end":{"line":191,"column":51}},{"start":{"line":191,"column":54},"end":{"line":191,"column":62}}],"line":191},"24":{"loc":{"start":{"line":192,"column":17},"end":{"line":192,"column":71}},"type":"binary-expr","locations":[{"start":{"line":192,"column":17},"end":{"line":192,"column":38}},{"start":{"line":192,"column":42},"end":{"line":192,"column":71}}],"line":192},"25":{"loc":{"start":{"line":195,"column":15},"end":{"line":195,"column":60}},"type":"binary-expr","locations":[{"start":{"line":195,"column":15},"end":{"line":195,"column":26}},{"start":{"line":195,"column":30},"end":{"line":195,"column":60}}],"line":195},"26":{"loc":{"start":{"line":212,"column":2},"end":{"line":214,"column":3}},"type":"if","locations":[{"start":{"line":212,"column":2},"end":{"line":214,"column":3}},{"start":{},"end":{}}],"line":212},"27":{"loc":{"start":{"line":216,"column":2},"end":{"line":224,"column":3}},"type":"if","locations":[{"start":{"line":216,"column":2},"end":{"line":224,"column":3}},{"start":{},"end":{}}],"line":216},"28":{"loc":{"start":{"line":216,"column":6},"end":{"line":216,"column":26}},"type":"binary-expr","locations":[{"start":{"line":216,"column":6},"end":{"line":216,"column":11}},{"start":{"line":216,"column":15},"end":{"line":216,"column":26}}],"line":216},"29":{"loc":{"start":{"line":226,"column":16},"end":{"line":226,"column":66}},"type":"cond-expr","locations":[{"start":{"line":226,"column":36},"end":{"line":226,"column":49}},{"start":{"line":226,"column":52},"end":{"line":226,"column":66}}],"line":226},"30":{"loc":{"start":{"line":227,"column":19},"end":{"line":229,"column":39}},"type":"cond-expr","locations":[{"start":{"line":228,"column":6},"end":{"line":228,"column":61}},{"start":{"line":229,"column":6},"end":{"line":229,"column":39}}],"line":227},"31":{"loc":{"start":{"line":230,"column":27},"end":{"line":230,"column":77}},"type":"cond-expr","locations":[{"start":{"line":230,"column":47},"end":{"line":230,"column":60}},{"start":{"line":230,"column":63},"end":{"line":230,"column":77}}],"line":230},"32":{"loc":{"start":{"line":289,"column":59},"end":{"line":289,"column":78}},"type":"binary-expr","locations":[{"start":{"line":289,"column":59},"end":{"line":289,"column":73}},{"start":{"line":289,"column":77},"end":{"line":289,"column":78}}],"line":289},"33":{"loc":{"start":{"line":295,"column":11},"end":{"line":299,"column":11}},"type":"binary-expr","locations":[{"start":{"line":295,"column":11},"end":{"line":295,"column":22}},{"start":{"line":296,"column":12},"end":{"line":298,"column":25}}],"line":295},"34":{"loc":{"start":{"line":327,"column":19},"end":{"line":327,"column":46}},"type":"binary-expr","locations":[{"start":{"line":327,"column":19},"end":{"line":327,"column":40}},{"start":{"line":327,"column":44},"end":{"line":327,"column":46}}],"line":327},"35":{"loc":{"start":{"line":359,"column":11},"end":{"line":363,"column":11}},"type":"binary-expr","locations":[{"start":{"line":359,"column":11},"end":{"line":359,"column":21}},{"start":{"line":360,"column":12},"end":{"line":362,"column":25}}],"line":359}},"s":{"0":65,"1":65,"2":65,"3":65,"4":65,"5":65,"6":65,"7":65,"8":65,"9":65,"10":65,"11":16,"12":65,"13":20,"14":4,"15":16,"16":65,"17":16,"18":4,"19":65,"20":16,"21":16,"22":16,"23":15,"24":30,"25":1,"26":16,"27":65,"28":4,"29":4,"30":4,"31":4,"32":8,"33":0,"34":4,"35":65,"36":4,"37":4,"38":4,"39":1,"40":1,"41":65,"42":7,"43":7,"44":5,"45":7,"46":5,"47":7,"48":0,"49":7,"50":2,"51":7,"52":0,"53":7,"54":7,"55":65,"56":7,"57":5,"58":2,"59":2,"60":2,"61":2,"62":0,"63":2,"64":0,"65":0,"66":2,"67":2,"68":2,"69":1,"70":1,"71":0,"72":1,"73":1,"74":0,"75":2,"76":65,"77":1,"78":65,"79":0,"80":65,"81":2,"82":63,"83":63,"84":63,"85":63,"86":0,"87":0,"88":3,"89":1,"90":0,"91":0,"92":315,"93":0,"94":0,"95":0,"96":1},"f":{"0":65,"1":16,"2":20,"3":16,"4":16,"5":30,"6":4,"7":8,"8":4,"9":4,"10":1,"11":7,"12":7,"13":0,"14":1,"15":0,"16":0,"17":3,"18":1,"19":0,"20":0,"21":315,"22":0,"23":0,"24":0},"b":{"0":[4,16],"1":[4,12],"2":[16,5],"3":[4,0],"4":[4,0],"5":[4,0],"6":[4,0],"7":[4,0],"8":[4,0],"9":[1,3],"10":[5,2],"11":[5,2],"12":[0,7],"13":[2,5],"14":[7,6],"15":[0,7],"16":[7,2],"17":[5,2],"18":[0,2],"19":[0,2],"20":[1,1],"21":[2,1],"22":[0,1],"23":[0,1],"24":[1,0],"25":[0,0],"26":[0,65],"27":[2,63],"28":[65,2],"29":[39,24],"30":[39,24],"31":[39,24],"32":[3,0],"33":[63,2],"34":[63,47],"35":[63,0]},"_coverageSchema":"1a1c01bbd47fc00a2c39e90264f33305004495a9","hash":"6b80c34fdc3fba3a42420e8b13f4719aad8d8ec9"}
,"C:\\Users\\cds9\\track_journal\\src\\config\\env.ts": {"path":"C:\\Users\\cds9\\track_journal\\src\\config\\env.ts","statementMap":{"0":{"start":{"line":21,"column":40},"end":{"line":28,"column":1}},"1":{"start":{"line":30,"column":33},"end":{"line":31,"column":69}},"2":{"start":{"line":31,"column":2},"end":{"line":31,"column":69}},"3":{"start":{"line":33,"column":34},"end":{"line":38,"column":1}},"4":{"start":{"line":35,"column":2},"end":{"line":35,"column":94}},"5":{"start":{"line":35,"column":82},"end":{"line":35,"column":94}},"6":{"start":{"line":36,"column":2},"end":{"line":36,"column":102}},"7":{"start":{"line":36,"column":90},"end":{"line":36,"column":102}},"8":{"start":{"line":37,"column":2},"end":{"line":37,"column":15}}},"fnMap":{"0":{"name":"(anonymous_0)","decl":{"start":{"line":30,"column":33},"end":{"line":30,"column":34}},"loc":{"start":{"line":31,"column":2},"end":{"line":31,"column":69}},"line":31},"1":{"name":"(anonymous_1)","decl":{"start":{"line":33,"column":34},"end":{"line":33,"column":35}},"loc":{"start":{"line":33,"column":49},"end":{"line":38,"column":1}},"line":33}},"branchMap":{"0":{"loc":{"start":{"line":31,"column":10},"end":{"line":31,"column":68}},"type":"binary-expr","locations":[{"start":{"line":31,"column":10},"end":{"line":31,"column":26}},{"start":{"line":31,"column":30},"end":{"line":31,"column":45}},{"start":{"line":31,"column":49},"end":{"line":31,"column":68}}],"line":31},"1":{"loc":{"start":{"line":35,"column":2},"end":{"line":35,"column":94}},"type":"if","locations":[{"start":{"line":35,"column":2},"end":{"line":35,"column":94}},{"start":{},"end":{}}],"line":35},"2":{"loc":{"start":{"line":35,"column":6},"end":{"line":35,"column":80}},"type":"binary-expr","locations":[{"start":{"line":35,"column":6},"end":{"line":35,"column":47}},{"start":{"line":35,"column":51},"end":{"line":35,"column":80}}],"line":35},"3":{"loc":{"start":{"line":36,"column":2},"end":{"line":36,"column":102}},"type":"if","locations":[{"start":{"line":36,"column":2},"end":{"line":36,"column":102}},{"start":{},"end":{}}],"line":36},"4":{"loc":{"start":{"line":36,"column":6},"end":{"line":36,"column":88}},"type":"binary-expr","locations":[{"start":{"line":36,"column":6},"end":{"line":36,"column":51}},{"start":{"line":36,"column":55},"end":{"line":36,"column":88}}],"line":36}},"s":{"0":1,"1":1,"2":0,"3":1,"4":0,"5":0,"6":0,"7":0,"8":0},"f":{"0":0,"1":0},"b":{"0":[0,0,0],"1":[0,0],"2":[0,0],"3":[0,0],"4":[0,0]},"_coverageSchema":"1a1c01bbd47fc00a2c39e90264f33305004495a9","hash":"36b684422d035a4276f6952066444e80b31af7c9"}
,"C:\\Users\\cds9\\track_journal\\src\\navigation\\AppNavigator.tsx": {"path":"C:\\Users\\cds9\\track_journal\\src\\navigation\\AppNavigator.tsx","statementMap":{"0":{"start":{"line":16,"column":12},"end":{"line":16,"column":56}},"1":{"start":{"line":19,"column":20},"end":{"line":19,"column":30}},"2":{"start":{"line":21,"column":2},"end":{"line":84,"column":4}},"3":{"start":{"line":46,"column":12},"end":{"line":51,"column":14}},"4":{"start":{"line":60,"column":12},"end":{"line":65,"column":14}},"5":{"start":{"line":74,"column":12},"end":{"line":79,"column":14}}},"fnMap":{"0":{"name":"AppNavigator","decl":{"start":{"line":18,"column":16},"end":{"line":18,"column":28}},"loc":{"start":{"line":18,"column":50},"end":{"line":85,"column":1}},"line":18},"1":{"name":"(anonymous_1)","decl":{"start":{"line":45,"column":22},"end":{"line":45,"column":23}},"loc":{"start":{"line":46,"column":12},"end":{"line":51,"column":14}},"line":46},"2":{"name":"(anonymous_2)","decl":{"start":{"line":59,"column":22},"end":{"line":59,"column":23}},"loc":{"start":{"line":60,"column":12},"end":{"line":65,"column":14}},"line":60},"3":{"name":"(anonymous_3)","decl":{"start":{"line":73,"column":22},"end":{"line":73,"column":23}},"loc":{"start":{"line":74,"column":12},"end":{"line":79,"column":14}},"line":74}},"branchMap":{},"s":{"0":0,"1":0,"2":0,"3":0,"4":0,"5":0},"f":{"0":0,"1":0,"2":0,"3":0},"b":{}}
,"C:\\Users\\cds9\\track_journal\\src\\navigation\\AuthNavigator.tsx": {"path":"C:\\Users\\cds9\\track_journal\\src\\navigation\\AuthNavigator.tsx","statementMap":{"0":{"start":{"line":13,"column":14},"end":{"line":13,"column":62}},"1":{"start":{"line":16,"column":2},"end":{"line":27,"column":4}}},"fnMap":{"0":{"name":"AuthNavigator","decl":{"start":{"line":15,"column":16},"end":{"line":15,"column":29}},"loc":{"start":{"line":15,"column":51},"end":{"line":28,"column":1}},"line":15}},"branchMap":{},"s":{"0":0,"1":0},"f":{"0":0},"b":{}}
,"C:\\Users\\cds9\\track_journal\\src\\navigation\\RootNavigator.tsx": {"path":"C:\\Users\\cds9\\track_journal\\src\\navigation\\RootNavigator.tsx","statementMap":{"0":{"start":{"line":17,"column":14},"end":{"line":17,"column":56}},"1":{"start":{"line":20,"column":26},"end":{"line":20,"column":53}},"2":{"start":{"line":21,"column":32},"end":{"line":21,"column":46}},"3":{"start":{"line":23,"column":2},"end":{"line":43,"column":9}},"4":{"start":{"line":24,"column":27},"end":{"line":40,"column":5}},"5":{"start":{"line":25,"column":6},"end":{"line":39,"column":7}},"6":{"start":{"line":26,"column":25},"end":{"line":26,"column":44}},"7":{"start":{"line":27,"column":8},"end":{"line":35,"column":9}},"8":{"start":{"line":28,"column":30},"end":{"line":31,"column":12}},"9":{"start":{"line":29,"column":12},"end":{"line":29,"column":30}},"10":{"start":{"line":30,"column":12},"end":{"line":30,"column":30}},"11":{"start":{"line":32,"column":10},"end":{"line":32,"column":29}},"12":{"start":{"line":34,"column":10},"end":{"line":34,"column":28}},"13":{"start":{"line":37,"column":8},"end":{"line":37,"column":57}},"14":{"start":{"line":38,"column":8},"end":{"line":38,"column":26}},"15":{"start":{"line":42,"column":4},"end":{"line":42,"column":21}},"16":{"start":{"line":45,"column":2},"end":{"line":51,"column":3}},"17":{"start":{"line":46,"column":4},"end":{"line":50,"column":6}},"18":{"start":{"line":53,"column":2},"end":{"line":55,"column":3}},"19":{"start":{"line":54,"column":4},"end":{"line":54,"column":29}},"20":{"start":{"line":57,"column":2},"end":{"line":74,"column":4}},"21":{"start":{"line":77,"column":15},"end":{"line":83,"column":2}}},"fnMap":{"0":{"name":"RootNavigator","decl":{"start":{"line":19,"column":16},"end":{"line":19,"column":29}},"loc":{"start":{"line":19,"column":51},"end":{"line":75,"column":1}},"line":19},"1":{"name":"(anonymous_1)","decl":{"start":{"line":23,"column":12},"end":{"line":23,"column":13}},"loc":{"start":{"line":23,"column":18},"end":{"line":43,"column":3}},"line":23},"2":{"name":"(anonymous_2)","decl":{"start":{"line":24,"column":27},"end":{"line":24,"column":28}},"loc":{"start":{"line":24,"column":39},"end":{"line":40,"column":5}},"line":24},"3":{"name":"(anonymous_3)","decl":{"start":{"line":28,"column":64},"end":{"line":28,"column":65}},"loc":{"start":{"line":28,"column":78},"end":{"line":31,"column":11}},"line":28}},"branchMap":{"0":{"loc":{"start":{"line":27,"column":8},"end":{"line":35,"column":9}},"type":"if","locations":[{"start":{"line":27,"column":8},"end":{"line":35,"column":9}},{"start":{"line":33,"column":15},"end":{"line":35,"column":9}}],"line":27},"1":{"loc":{"start":{"line":45,"column":2},"end":{"line":51,"column":3}},"type":"if","locations":[{"start":{"line":45,"column":2},"end":{"line":51,"column":3}},{"start":{},"end":{}}],"line":45},"2":{"loc":{"start":{"line":53,"column":2},"end":{"line":55,"column":3}},"type":"if","locations":[{"start":{"line":53,"column":2},"end":{"line":55,"column":3}},{"start":{},"end":{}}],"line":53}},"s":{"0":0,"1":0,"2":0,"3":0,"4":0,"5":0,"6":0,"7":0,"8":0,"9":0,"10":0,"11":0,"12":0,"13":0,"14":0,"15":0,"16":0,"17":0,"18":0,"19":0,"20":0,"21":0},"f":{"0":0,"1":0,"2":0,"3":0},"b":{"0":[0,0],"1":[0,0],"2":[0,0]}}
,"C:\\Users\\cds9\\track_journal\\src\\screens\\DashboardScreen.tsx": {"path":"C:\\Users\\cds9\\track_journal\\src\\screens\\DashboardScreen.tsx","statementMap":{"0":{"start":{"line":15,"column":20},"end":{"line":15,"column":30}},"1":{"start":{"line":16,"column":30},"end":{"line":16,"column":105}},"2":{"start":{"line":17,"column":32},"end":{"line":17,"column":47}},"3":{"start":{"line":19,"column":2},"end":{"line":33,"column":9}},"4":{"start":{"line":20,"column":20},"end":{"line":20,"column":24}},"5":{"start":{"line":21,"column":4},"end":{"line":29,"column":9}},"6":{"start":{"line":23,"column":8},"end":{"line":23,"column":31}},"7":{"start":{"line":23,"column":24},"end":{"line":23,"column":31}},"8":{"start":{"line":24,"column":8},"end":{"line":24,"column":56}},"9":{"start":{"line":27,"column":8},"end":{"line":27,"column":31}},"10":{"start":{"line":27,"column":24},"end":{"line":27,"column":31}},"11":{"start":{"line":28,"column":8},"end":{"line":28,"column":27}},"12":{"start":{"line":30,"column":4},"end":{"line":32,"column":6}},"13":{"start":{"line":31,"column":6},"end":{"line":31,"column":24}},"14":{"start":{"line":35,"column":23},"end":{"line":47,"column":3}},"15":{"start":{"line":36,"column":4},"end":{"line":46,"column":5}},"16":{"start":{"line":37,"column":6},"end":{"line":37,"column":23}},"17":{"start":{"line":38,"column":23},"end":{"line":38,"column":42}},"18":{"start":{"line":39,"column":6},"end":{"line":41,"column":7}},"19":{"start":{"line":40,"column":8},"end":{"line":40,"column":37}},"20":{"start":{"line":43,"column":6},"end":{"line":43,"column":44}},"21":{"start":{"line":45,"column":6},"end":{"line":45,"column":24}},"22":{"start":{"line":49,"column":29},"end":{"line":52,"column":3}},"23":{"start":{"line":51,"column":4},"end":{"line":51,"column":33}},"24":{"start":{"line":54,"column":27},"end":{"line":57,"column":3}},"25":{"start":{"line":56,"column":4},"end":{"line":56,"column":31}},"26":{"start":{"line":59,"column":2},"end":{"line":61,"column":3}},"27":{"start":{"line":60,"column":4},"end":{"line":60,"column":61}},"28":{"start":{"line":63,"column":2},"end":{"line":74,"column":3}},"29":{"start":{"line":64,"column":4},"end":{"line":73,"column":6}},"30":{"start":{"line":70,"column":10},"end":{"line":70,"column":32}},"31":{"start":{"line":76,"column":2},"end":{"line":216,"column":4}},"32":{"start":{"line":105,"column":16},"end":{"line":110,"column":18}},"33":{"start":{"line":121,"column":16},"end":{"line":126,"column":18}},"34":{"start":{"line":190,"column":12},"end":{"line":195,"column":14}},"35":{"start":{"line":205,"column":10},"end":{"line":210,"column":12}},"36":{"start":{"line":219,"column":15},"end":{"line":280,"column":2}}},"fnMap":{"0":{"name":"DashboardScreen","decl":{"start":{"line":14,"column":24},"end":{"line":14,"column":39}},"loc":{"start":{"line":14,"column":61},"end":{"line":217,"column":1}},"line":14},"1":{"name":"(anonymous_1)","decl":{"start":{"line":19,"column":12},"end":{"line":19,"column":13}},"loc":{"start":{"line":19,"column":18},"end":{"line":33,"column":3}},"line":19},"2":{"name":"(anonymous_2)","decl":{"start":{"line":22,"column":12},"end":{"line":22,"column":13}},"loc":{"start":{"line":22,"column":19},"end":{"line":25,"column":7}},"line":22},"3":{"name":"(anonymous_3)","decl":{"start":{"line":26,"column":13},"end":{"line":26,"column":14}},"loc":{"start":{"line":26,"column":19},"end":{"line":29,"column":7}},"line":26},"4":{"name":"(anonymous_4)","decl":{"start":{"line":30,"column":11},"end":{"line":30,"column":12}},"loc":{"start":{"line":30,"column":17},"end":{"line":32,"column":5}},"line":30},"5":{"name":"(anonymous_5)","decl":{"start":{"line":35,"column":23},"end":{"line":35,"column":24}},"loc":{"start":{"line":35,"column":35},"end":{"line":47,"column":3}},"line":35},"6":{"name":"(anonymous_6)","decl":{"start":{"line":49,"column":29},"end":{"line":49,"column":30}},"loc":{"start":{"line":49,"column":35},"end":{"line":52,"column":3}},"line":49},"7":{"name":"(anonymous_7)","decl":{"start":{"line":54,"column":27},"end":{"line":54,"column":28}},"loc":{"start":{"line":54,"column":33},"end":{"line":57,"column":3}},"line":54},"8":{"name":"(anonymous_8)","decl":{"start":{"line":68,"column":17},"end":{"line":68,"column":18}},"loc":{"start":{"line":68,"column":23},"end":{"line":71,"column":9}},"line":68},"9":{"name":"(anonymous_9)","decl":{"start":{"line":104,"column":20},"end":{"line":104,"column":21}},"loc":{"start":{"line":105,"column":16},"end":{"line":110,"column":18}},"line":105},"10":{"name":"(anonymous_10)","decl":{"start":{"line":120,"column":20},"end":{"line":120,"column":21}},"loc":{"start":{"line":121,"column":16},"end":{"line":126,"column":18}},"line":121},"11":{"name":"(anonymous_11)","decl":{"start":{"line":189,"column":16},"end":{"line":189,"column":17}},"loc":{"start":{"line":190,"column":12},"end":{"line":195,"column":14}},"line":190},"12":{"name":"(anonymous_12)","decl":{"start":{"line":204,"column":14},"end":{"line":204,"column":15}},"loc":{"start":{"line":205,"column":10},"end":{"line":210,"column":12}},"line":205}},"branchMap":{"0":{"loc":{"start":{"line":23,"column":8},"end":{"line":23,"column":31}},"type":"if","locations":[{"start":{"line":23,"column":8},"end":{"line":23,"column
[...]
tart":{"line":252,"column":21},"end":{"line":252,"column":40}},"41":{"start":{"line":253,"column":4},"end":{"line":261,"column":5}},"42":{"start":{"line":254,"column":6},"end":{"line":260,"column":8}},"43":{"start":{"line":263,"column":4},"end":{"line":263,"column":61}},"44":{"start":{"line":265,"column":4},"end":{"line":267,"column":6}},"45":{"start":{"line":269,"column":4},"end":{"line":275,"column":6}},"46":{"start":{"line":280,"column":19},"end":{"line":280,"column":32}},"47":{"start":{"line":281,"column":2},"end":{"line":284,"column":3}},"48":{"start":{"line":283,"column":4},"end":{"line":283,"column":20}},"49":{"start":{"line":286,"column":24},"end":{"line":290,"column":3}},"50":{"start":{"line":292,"column":2},"end":{"line":301,"column":5}},"51":{"start":{"line":293,"column":32},"end":{"line":293,"column":34}},"52":{"start":{"line":294,"column":4},"end":{"line":299,"column":7}},"53":{"start":{"line":295,"column":6},"end":{"line":298,"column":20}},"54":{"start":{"line":300,"column":4},"end":{"line":300,"column":23}},"55":{"start":{"line":308,"column":2},"end":{"line":308,"column":22}},"56":{"start":{"line":312,"column":16},"end":{"line":312,"column":39}},"57":{"start":{"line":313,"column":15},"end":{"line":313,"column":47}},"58":{"start":{"line":313,"column":31},"end":{"line":313,"column":46}},"59":{"start":{"line":314,"column":2},"end":{"line":314,"column":28}},"60":{"start":{"line":318,"column":16},"end":{"line":318,"column":39}},"61":{"start":{"line":319,"column":2},"end":{"line":319,"column":32}},"62":{"start":{"line":319,"column":19},"end":{"line":319,"column":32}},"63":{"start":{"line":321,"column":2},"end":{"line":323,"column":4}},"64":{"start":{"line":322,"column":4},"end":{"line":322,"column":62}},"65":{"start":{"line":327,"column":17},"end":{"line":327,"column":47}},"66":{"start":{"line":328,"column":2},"end":{"line":328,"column":33}},"67":{"start":{"line":328,"column":19},"end":{"line":328,"column":33}},"68":{"start":{"line":330,"column":2},"end":{"line":332,"column":4}},"69":{"start":{"line":331,"column":4},"end":{"line":331,"column":63}}},"fnMap":{"0":{"name":"getVehicles","decl":{"start":{"line":86,"column":22},"end":{"line":86,"column":33}},"loc":{"start":{"line":86,"column":78},"end":{"line":128,"column":1}},"line":86},"1":{"name":"(anonymous_1)","decl":{"start":{"line":108,"column":26},"end":{"line":108,"column":27}},"loc":{"start":{"line":108,"column":35},"end":{"line":113,"column":5}},"line":108},"2":{"name":"getVehicle","decl":{"start":{"line":130,"column":22},"end":{"line":130,"column":32}},"loc":{"start":{"line":130,"column":76},"end":{"line":173,"column":1}},"line":130},"3":{"name":"createVehicle","decl":{"start":{"line":175,"column":22},"end":{"line":175,"column":35}},"loc":{"start":{"line":175,"column":108},"end":{"line":215,"column":1}},"line":175},"4":{"name":"updateVehicle","decl":{"start":{"line":217,"column":22},"end":{"line":217,"column":35}},"loc":{"start":{"line":217,"column":92},"end":{"line":248,"column":1}},"line":217},"5":{"name":"deleteVehicle","decl":{"start":{"line":250,"column":22},"end":{"line":250,"column":35}},"loc":{"start":{"line":250,"column":79},"end":{"line":277,"column":1}},"line":250},"6":{"name":"subscribeToVehicles","decl":{"start":{"line":279,"column":16},"end":{"line":279,"column":35}},"loc":{"start":{"line":279,"column":106},"end":{"line":302,"column":1}},"line":279},"7":{"name":"(anonymous_7)","decl":{"start":{"line":283,"column":11},"end":{"line":283,"column":12}},"loc":{"start":{"line":283,"column":17},"end":{"line":283,"column":19}},"line":283},"8":{"name":"(anonymous_8)","decl":{"start":{"line":292,"column":35},"end":{"line":292,"column":36}},"loc":{"start":{"line":292,"column":54},"end":{"line":301,"column":3}},"line":292},"9":{"name":"(anonymous_9)","decl":{"start":{"line":294,"column":26},"end":{"line":294,"column":27}},"loc":{"start":{"line":294,"column":35},"end":{"line":299,"column":5}},"line":294},"10":{"name":"getVehicleMakes","decl":{"start":{"line":305,"column":22},"end":{"line":305,"column":37}},"loc":{"start":{"line":305,"column":64},"end":{"line":309,"column":1}},"line":305},"11":{"name":"getVehicleModels","decl":{"start":{"line":311,"column":22},"end":{"line":311,"column":38}},"loc":{"start":{"line":311,"column":80},"end":{"line":315,"column":1}},"line":311},"12":{"name":"(anonymous_12)","decl":{"start":{"line":313,"column":26},"end":{"line":313,"column":27}},"loc":{"start":{"line":313,"column":31},"end":{"line":313,"column":46}},"line":313},"13":{"name":"searchVehicleMakes","decl":{"start":{"line":317,"column":22},"end":{"line":317,"column":40}},"loc":{"start":{"line":317,"column":85},"end":{"line":324,"column":1}},"line":317},"14":{"name":"(anonymous_14)","decl":{"start":{"line":321,"column":22},"end":{"line":321,"column":23}},"loc":{"start":{"line":322,"column":4},"end":{"line":322,"column":62}},"line":322},"15":{"name":"searchVehicleModels","decl":{"start":{"line":326,"column":22},"end":{"line":326,"column":41}},"loc":{"start":{"line":326,"column":103},"end":{"line":333,"column":1}},"line":326},"16":{"name":"(anonymous_16)","decl":{"start":{"line":330,"column":23},"end":{"line":330,"column":24}},"loc":{"start":{"line":331,"column":4},"end":{"line":331,"column":63}},"line":331}},"branchMap":{"0":{"loc":{"start":{"line":89,"column":4},"end":{"line":97,"column":5}},"type":"if","locations":[{"start":{"line":89,"column":4},"end":{"line":97,"column":5}},{"start":{},"end":{}}],"line":89},"1":{"loc":{"start":{"line":123,"column":14},"end":{"line":123,"column":43}},"type":"binary-expr","locations":[{"start":{"line":123,"column":14},"end":{"line":123,"column":24}},{"start":{"line":123,"column":28},"end":{"line":123,"column":43}}],"line":123},"2":{"loc":{"start":{"line":124,"column":17},"end":{"line":124,"column":85}},"type":"binary-expr","locations":[{"start":{"line":124,"column":17},"end":{"line":124,"column":30}},{"start":{"line":124,"column":34},"end":{"line":124,"column":85}}],"line":124},"3":{"loc":{"start":{"line":133,"column":4},"end":{"line":141,"column":5}},"type":"if","locations":[{"start":{"line":133,"column":4},"end":{"line":141,"column":5}},{"start":{},"end":{}}],"line":133},"4":{"loc":{"start":{"line":145,"column":4},"end":{"line":153,"column":5}},"type":"if","locations":[{"start":{"line":145,"column":4},"end":{"line":153,"column":5}},{"start":{},"end":{}}],"line":145},"5":{"loc":{"start":{"line":168,"column":14},"end":{"line":168,"column":43}},"type":"binary-expr","locations":[{"start":{"line":168,"column":14},"end":{"line":168,"column":24}},{"start":{"line":168,"column":28},"end":{"line":168,"column":43}}],"line":168},"6":{"loc":{"start":{"line":169,"column":17},"end":{"line":169,"column":84}},"type":"binary-expr","locations":[{"start":{"line":169,"column":17},"end":{"line":169,"column":30}},{"start":{"line":169,"column":34},"end":{"line":169,"column":84}}],"line":169},"7":{"loc":{"start":{"line":178,"column":4},"end":{"line":186,"column":5}},"type":"if","locations":[{"start":{"line":178,"column":4},"end":{"line":186,"column":5}},{"start":{},"end":{}}],"line":178},"8":{"loc":{"start":{"line":210,"column":14},"end":{"line":210,"column":43}},"type":"binary-expr","locations":[{"start":{"line":210,"column":14},"end":{"line":210,"column":24}},{"start":{"line":210,"column":28},"end":{"line":210,"column":43}}],"line":210},"9":{"loc":{"start":{"line":211,"column":17},"end":{"line":211,"column":84}},"type":"binary-expr","locations":[{"start":{"line":211,"column":17},"end":{"line":211,"column":30}},{"start":{"line":211,"column":34},"end":{"line":211,"column":84}}],"line":211},"10":{"loc":{"start":{"line":220,"column":4},"end":{"line":228,"column":5}},"type":"if","locations":[{"start":{"line":220,"column":4},"end":{"line":228,"column":5}},{"start":{},"end":{}}],"line":220},"11":{"loc":{"start":{"line":243,"column":14},"end":{"line":243,"column":43}},"type":"binary-expr","locations":[{"start":{"line":243,"column":14},"end":{"line":243,"column":24}},{"start":{"line":243,"column":28},"end":{"line":243,"column":43}}],"line":243},"12":{"loc":{"start":{"line":244,"column":17},"end":{"line":244,"column":84}},"type":"binary-expr","locations":[{"start":{"line":244,"column":17},"end":{"line":244,"column":30}},{"start":{"line":244,"column":34},"end":{"line":244,"column":84}}],"line":244},"13":{"loc":{"start":{"line":253,"column":4},"end":{"line":261,"column":5}},"type":"if","locations":[{"start":{"line":253,"column":4},"end":{"line":261,"column":5}},{"start":{},"end":{}}],"line":253},"14":{"loc":{"start":{"line":272,"column":14},"end":{"line":272,"column":43}},"type":"binary-expr","locations":[{"start":{"line":272,"column":14},"end":{"line":272,"column":24}},{"start":{"line":272,"column":28},"end":{"line":272,"column":43}}],"line":272},"15":{"loc":{"start":{"line":273,"column":17},"end":{"line":273,"column":84}},"type":"binary-expr","locations":[{"start":{"line":273,"column":17},"end":{"line":273,"column":30}},{"start":{"line":273,"column":34},"end":{"line":273,"column":84}}],"line":273},"16":{"loc":{"start":{"line":281,"column":2},"end":{"line":284,"column":3}},"type":"if","locations":[{"start":{"line":281,"column":2},"end":{"line":284,"column":3}},{"start":{},"end":{}}],"line":281},"17":{"loc":{"start":{"line":314,"column":9},"end":{"line":314,"column":27}},"type":"binary-expr","locations":[{"start":{"line":314,"column":9},"end":{"line":314,"column":21}},{"start":{"line":314,"column":25},"end":{"line":314,"column":27}}],"line":314},"18":{"loc":{"start":{"line":319,"column":2},"end":{"line":319,"column":32}},"type":"if","locations":[{"start":{"line":319,"column":2},"end":{"line":319,"column":32}},{"start":{},"end":{}}],"line":319},"19":{"loc":{"start":{"line":328,"column":2},"end":{"line":328,"column":33}},"type":"if","locations":[{"start":{"line":328,"column":2},"end":{"line":328,"column":33}},{"start":{},"end":{}}],"line":328}},"s":{"0":1,"1":0,"2":0,"3":0,"4":0,"5":0,"6":0,"7":0,"8":0,"9":0,"10":0,"11":0,"12":0,"13":0,"14":0,"15":0,"16":0,"17":0,"18":0,"19":0,"20":0,"21":0,"22":0,"23":0,"24":0,"25":0,"26":0,"27":0,"28":0,"29":0,"30":0,"31":0,"32":0,"33":0,"34":0,"35":0,"36":0,"37":0,"38":0,"39":0,"40":0,"41":0,"42":0,"43":0,"44":0,"45":0,"46":0,"47":0,"48":0,"49":0,"50":0,"51":0,"52":0,"53":0,"54":0,"55":0,"56":0,"57":0,"58":0,"59":0,"60":0,"61":0,"62":0,"63":0,"64":0,"65":0,"66":0,"67":0,"68":0,"69":0},"f":{"0":0,"1":0,"2":0,"3":0,"4":0,"5":0,"6":0,"7":0,"8":0,"9":0,"10":0,"11":0,"12":0,"13":0,"14":0,"15":0,"16":0},"b":{"0":[0,0],"1":[0,0],"2":[0,0],"3":[0,0],"4":[0,0],"5":[0,0],"6":[0,0],"7":[0,0],"8":[0,0],"9":[0,0],"10":[0,0],"11":[0,0],"12":[0,0],"13":[0,0],"14":[0,0],"15":[0,0],"16":[0,0],"17":[0,0],"18":[0,0],"19":[0,0]},"_coverageSchema":"1a1c01bbd47fc00a2c39e90264f33305004495a9","hash":"26b7d0b914bc479c16a843ab767401ee348d809a"}
,"C:\\Users\\cds9\\track_journal\\src\\theme\\ThemeProvider.tsx": {"path":"C:\\Users\\cds9\\track_journal\\src\\theme\\ThemeProvider.tsx","statementMap":{"0":{"start":{"line":15,"column":21},"end":{"line":15,"column":75}},"1":{"start":{"line":24,"column":22},"end":{"line":24,"column":38}},"2":{"start":{"line":25,"column":30},"end":{"line":25,"column":62}},"3":{"start":{"line":28,"column":2},"end":{"line":30,"column":20}},"4":{"start":{"line":29,"column":4},"end":{"line":29,"column":38}},"5":{"start":{"line":33,"column":16},"end":{"line":33,"column":57}},"6":{"start":{"line":36,"column":22},"end":{"line":38,"column":3}},"7":{"start":{"line":37,"column":4},"end":{"line":37,"column":23}},"8":{"start":{"line":41,"column":19},"end":{"line":43,"column":3}},"9":{"start":{"line":42,"column":4},"end":{"line":42,"column":20}},"10":{"start":{"line":46,"column":41},"end":{"line":51,"column":3}},"11":{"start":{"line":53,"column":2},"end":{"line":59,"column":4}},"12":{"start":{"line":64,"column":18},"end":{"line":64,"column":42}},"13":{"start":{"line":65,"column":2},"end":{"line":67,"column":3}},"14":{"start":{"line":66,"column":4},"end":{"line":66,"column":68}},"15":{"start":{"line":68,"column":2},"end":{"line":68,"column":17}}},"fnMap":{"0":{"name":"ThemeProvider","decl":{"start":{"line":23,"column":16},"end":{"line":23,"column":29}},"loc":{"start":{"line":23,"column":83},"end":{"line":60,"column":1}},"line":23},"1":{"name":"(anonymous_1)","decl":{"start":{"line":28,"column":12},"end":{"line":28,"column":13}},"loc":{"start":{"line":28,"column":18},"end":{"line":30,"column":3}},"line":28},"2":{"name":"(anonymous_2)","decl":{"start":{"line":36,"column":22},"end":{"line":36,"column":23}},"loc":{"start":{"line":36,"column":28},"end":{"line":38,"column":3}},"line":36},"3":{"name":"(anonymous_3)","decl":{"start":{"line":41,"column":19},"end":{"line":41,"column":20}},"loc":{"start":{"line":41,"column":38},"end":{"line":43,"column":3}},"line":41},"4":{"name":"useTheme","decl":{"start":{"line":63,"column":16},"end":{"line":63,"column":24}},"loc":{"start":{"line":63,"column":45},"end":{"line":69,"column":1}},"line":63}},"branchMap":{"0":{"loc":{"start":{"line":33,"column":16},"end":{"line":33,"column":57}},"type":"cond-expr","locations":[{"start":{"line":33,"column":25},"end":{"line":33,"column":39}},{"start":{"line":33,"column":42},"end":{"line":33,"column":57}}],"line":33},"1":{"loc":{"start":{"line":65,"column":2},"end":{"line":67,"column":3}},"type":"if","locations":[{"start":{"line":65,"column":2},"end":{"line":67,"column":3}},{"start":{},"end":{}}],"line":65}},"s":{"0":0,"1":0,"2":0,"3":0,"4":0,"5":0,"6":0,"7":0,"8":0,"9":0,"10":0,"11":0,"12":0,"13":0,"14":0,"15":0},"f":{"0":0,"1":0,"2":0,"3":0,"4":0},"b":{"0":[0,0],"1":[0,0]}}
,"C:\\Users\\cds9\\track_journal\\src\\theme\\colors.ts": {"path":"C:\\Users\\cds9\\track_journal\\src\\theme\\colors.ts","statementMap":{"0":{"start":{"line":4,"column":22},"end":{"line":126,"column":1}},"1":{"start":{"line":129,"column":26},"end":{"line":137,"column":1}}},"fnMap":{},"branchMap":{},"s":{"0":0,"1":0},"f":{},"b":{}}
,"C:\\Users\\cds9\\track_journal\\src\\theme\\designTokens.ts": {"path":"C:\\Users\\cds9\\track_journal\\src\\theme\\designTokens.ts","statementMap":{"0":{"start":{"line":8,"column":28},"end":{"line":12,"column":1}},"1":{"start":{"line":15,"column":30},"end":{"line":28,"column":2}},"2":{"start":{"line":15,"column":60},"end":{"line":28,"column":1}},"3":{"start":{"line":31,"column":26},"end":{"line":52,"column":1}},"4":{"start":{"line":34,"column":19},"end":{"line":34,"column":41}},"5":{"start":{"line":35,"column":4},"end":{"line":35,"column":80}},"6":{"start":{"line":35,"column":53},"end":{"line":35,"column":63}},"7":{"start":{"line":40,"column":4},"end":{"line":40,"column":76}},"8":{"start":{"line":45,"column":4},"end":{"line":45,"column":25}},"9":{"start":{"line":50,"column":4},"end":{"line":50,"column":86}},"10":{"start":{"line":55,"column":33},"end":{"line":158,"column":1}},"11":{"start":{"line":161,"column":34},"end":{"line":184,"column":1}}},"fnMap":{"0":{"name":"(anonymous_0)","decl":{"start":{"line":15,"column":30},"end":{"line":15,"column":31}},"loc":{"start":{"line":15,"column":60},"end":{"line":28,"column":1}},"line":15},"1":{"name":"(anonymous_1)","decl":{"start":{"line":33,"column":12},"end":{"line":33,"column":13}},"loc":{"start":{"line":33,"column":60},"end":{"line":36,"column":3}},"line":33},"2":{"name":"(anonymous_2)","decl":{"start":{"line":35,"column":39},"end":{"line":35,"column":40}},"loc":{"start":{"line":35,"column":53},"end":{"line":35,"column":63}},"line":35},"3":{"name":"(anonymous_3)","decl":{"start":{"line":39,"column":17},"end":{"line":39,"column":18}},"loc":{"start":{"line":39,"column":38},"end":{"line":41,"column":3}},"line":39},"4":{"name":"(anonymous_4)","decl":{"start":{"line":44,"column":14},"end":{"line":44,"column":15}},"loc":{"start":{"line":44,"column":46},"end":{"line":46,"column":3}},"line":44},"5":{"name":"(anonymous_5)","decl":{"start":{"line":49,"column":23},"end":{"line":49,"column":24}},"loc":{"start":{"line":49,"column":64},"end":{"line":51,"column":3}},"line":49}},"branchMap":{"0":{"loc":{"start":{"line":15,"column":31},"end":{"line":15,"column":54}},"type":"default-arg","locations":[{"start":{"line":15,"column":49},"end":{"line":15,"column":54}}],"line":15},"1":{"loc":{"start":{"line":18,"column":16},"end":{"line":18,"column":73}},"type":"cond-expr","locations":[{"start":{"line":18,"column":25},"end":{"line":18,"column":47}},{"start":{"line":18,"column":50},"end":{"line":18,"column":73}}],"line":18},"2":{"loc":{"start":{"line":19,"column":13},"end":{"line":19,"column":86}},"type":"cond-expr","locations":[{"start":{"line":19,"column":22},"end":{"line":19,"column":52}},{"start":{"line":19,"column":55},"end":{"line":19,"column":86}}],"line":19},"3":{"loc":{"start":{"line":21,"column":15},"end":{"line":21,"column":76}},"type":"cond-expr","locations":[{"start":{"line":21,"column":24},"end":{"line":21,"column":48}},{"start":{"line":21,"column":51},"end":{"line":21,"column":76}}],"line":21},"4":{"loc":{"start":{"line":22,"column":17},"end":{"line":22,"column":82}},"type":"cond-expr","locations":[{"start":{"line":22,"column":26},"end":{"line":22,"column":52}},{"start":{"line":22,"column":55},"end":{"line":22,"column":82}}],"line":22},"5":{"loc":{"start":{"line":23,"column":16},"end":{"line":23,"column":79}},"type":"cond-expr","locations":[{"start":{"line":23,"column":25},"end":{"line":23,"column":50}},{"start":{"line":23,"column":53},"end":{"line":23,"column":79}}],"line":23},"6":{"loc":{"start":{"line":33,"column":32},"end":{"line":33,"column":55}},"type":"default-arg","locations":[{"start":{"line":33,"column":50},"end":{"line":33,"column":55}}],"line":33}},"s":{"0":0,"1":0,"2":0,"3":0,"4":0,"5":0,"6":0,"7":0,"8":0,"9":0,"10":0,"11":0},"f":{"0":0,"1":0,"2":0,"3":0,"4":0,"5":0},"b":{"0":[0],"1":[0,0],"2":[0,0],"3":[0,0],"4":[0,0],"5":[0,0],"6":[0]}}
,"C:\\Users\\cds9\\track_journal\\src\\theme\\paperTheme.ts": {"path":"C:\\Users\\cds9\\track_journal\\src\\theme\\paperTheme.ts","statementMap":{"0":{"start":{"line":7,"column":31},"end":{"line":175,"column":1}},"1":{"start":{"line":177,"column":30},"end":{"line":345,"column":1}},"2":{"start":{"line":351,"column":26},"end":{"line":366,"column":1}},"3":{"start":{"line":354,"column":4},"end":{"line":354,"column":53}},"4":{"start":{"line":359,"column":4},"end":{"line":359,"column":63}},"5":{"start":{"line":364,"column":4},"end":{"line":364,"column":36}}},"fnMap":{"0":{"name":"(anonymous_0)","decl":{"start":{"line":353,"column":12},"end":{"line":353,"column":13}},"loc":{"start":{"line":353,"column":43},"end":{"line":355,"column":3}},"line":353},"1":{"name":"(anonymous_1)","decl":{"start":{"line":358,"column":17},"end":{"line":358,"column":18}},"loc":{"start":{"line":358,"column":56},"end":{"line":360,"column":3}},"line":358},"2":{"name":"(anonymous_2)","decl":{"start":{"line":363,"column":15},"end":{"line":363,"column":16}},"loc":{"start":{"line":363,"column":45},"end":{"line":365,"column":3}},"line":363}},"branchMap":{"0":{"loc":{"start":{"line":354,"column":11},"end":{"line":354,"column":52}},"type":"cond-expr","locations":[{"start":{"line":354,"column":20},"end":{"line":354,"column":34}},{"start":{"line":354,"column":37},"end":{"line":354,"column":52}}],"line":354}},"s":{"0":0,"1":0,"2":0,"3":0,"4":0,"5":0},"f":{"0":0,"1":0,"2":0},"b":{"0":[0,0]}}
,"C:\\Users\\cds9\\track_journal\\src\\theme\\spacing.ts": {"path":"C:\\Users\\cds9\\track_journal\\src\\theme\\spacing.ts","statementMap":{"0":{"start":{"line":3,"column":23},"end":{"line":117,"column":1}},"1":{"start":{"line":120,"column":28},"end":{"line":130,"column":1}},"2":{"start":{"line":133,"column":31},"end":{"line":158,"column":1}}},"fnMap":{},"branchMap":{},"s":{"0":0,"1":0,"2":0},"f":{},"b":{}}
,"C:\\Users\\cds9\\track_journal\\src\\theme\\typography.ts": {"path":"C:\\Users\\cds9\\track_journal\\src\\theme\\typography.ts","statementMap":{"0":{"start":{"line":3,"column":26},"end":{"line":151,"column":1}},"1":{"start":{"line":154,"column":31},"end":{"line":170,"column":1}}},"fnMap":{},"branchMap":{},"s":{"0":0,"1":0},"f":{},"b":{}}
}
