TN:
SF:src\components\AddVehicleForm.tsx
FN:23,AddVehicleForm
FN:59,(anonymous_1)
FN:64,(anonymous_2)
FN:72,(anonymous_3)
FN:76,(anonymous_4)
FN:84,(anonymous_5)
FN:88,(anonymous_6)
FN:96,(anonymous_7)
FN:97,(anonymous_8)
FN:101,(anonymous_9)
FN:105,(anonymous_10)
FN:132,(anonymous_11)
FN:150,(anonymous_12)
FN:164,(anonymous_13)
FN:216,(anonymous_14)
FN:228,(anonymous_15)
FN:248,(anonymous_16)
FN:263,(anonymous_17)
FN:278,(anonymous_18)
FN:287,(anonymous_19)
FN:288,(anonymous_20)
FN:303,(anonymous_21)
FN:312,(anonymous_22)
FN:334,(anonymous_23)
FNF:24
FNH:0
FNDA:0,AddVehicleForm
FNDA:0,(anonymous_1)
FNDA:0,(anonymous_2)
FNDA:0,(anonymous_3)
FNDA:0,(anonymous_4)
FNDA:0,(anonymous_5)
FNDA:0,(anonymous_6)
FNDA:0,(anonymous_7)
FNDA:0,(anonymous_8)
FNDA:0,(anonymous_9)
FNDA:0,(anonymous_10)
FNDA:0,(anonymous_11)
FNDA:0,(anonymous_12)
FNDA:0,(anonymous_13)
FNDA:0,(anonymous_14)
FNDA:0,(anonymous_15)
FNDA:0,(anonymous_16)
FNDA:0,(anonymous_17)
FNDA:0,(anonymous_18)
FNDA:0,(anonymous_19)
FNDA:0,(anonymous_20)
FNDA:0,(anonymous_21)
FNDA:0,(anonymous_22)
FNDA:0,(anonymous_23)
DA:29,0
DA:30,0
DA:31,0
DA:32,0
DA:35,0
DA:50,0
DA:53,0
DA:54,0
DA:55,0
DA:56,0
DA:59,0
DA:60,0
DA:64,0
DA:65,0
DA:66,0
DA:68,0
DA:72,0
DA:73,0
DA:74,0
DA:75,0
DA:76,0
DA:78,0
DA:80,0
DA:84,0
DA:85,0
DA:86,0
DA:87,0
DA:88,0
DA:90,0
DA:92,0
DA:96,0
DA:97,0
DA:100,0
DA:101,0
DA:105,0
DA:106,0
DA:108,0
DA:109,0
DA:112,0
DA:113,0
DA:116,0
DA:117,0
DA:118,0
DA:119,0
DA:124,0
DA:125,0
DA:128,0
DA:129,0
DA:132,0
DA:133,0
DA:134,0
DA:137,0
DA:138,0
DA:139,0
DA:141,0
DA:143,0
DA:144,0
DA:150,0
DA:155,0
DA:158,0
DA:160,0
DA:164,0
DA:165,0
DA:175,0
DA:176,0
DA:179,0
DA:180,0
DA:189,0
DA:216,0
DA:228,0
DA:248,0
DA:263,0
DA:278,0
DA:287,0
DA:288,0
DA:303,0
DA:312,0
DA:334,0
DA:371,0
LF:79
LH:0
BRDA:65,0,0,0
BRDA:65,0,1,0
BRDA:100,1,0,0
BRDA:100,1,1,0
BRDA:108,2,0,0
BRDA:108,2,1,0
BRDA:112,3,0,0
BRDA:112,3,1,0
BRDA:116,4,0,0
BRDA:116,4,1,0
BRDA:118,5,0,0
BRDA:118,5,1,0
BRDA:118,6,0,0
BRDA:118,6,1,0
BRDA:124,7,0,0
BRDA:124,7,1,0
BRDA:124,8,0,0
BRDA:124,8,1,0
BRDA:133,9,0,0
BRDA:133,9,1,0
BRDA:143,10,0,0
BRDA:143,10,1,0
BRDA:143,11,0,0
BRDA:143,11,1,0
BRDA:155,12,0,0
BRDA:155,12,1,0
BRDA:158,13,0,0
BRDA:158,13,1,0
BRDA:175,14,0,0
BRDA:175,14,1,0
BRDA:179,15,0,0
BRDA:179,15,1,0
BRDA:179,16,0,0
BRDA:179,16,1,0
BRDA:248,17,0,0
BRDA:248,17,1,0
BRDA:254,18,0,0
BRDA:254,18,1,0
BRDA:286,19,0,0
BRDA:286,19,1,0
BRDA:318,20,0,0
BRDA:318,20,1,0
BRF:42
BRH:0
end_of_record
TN:
SF:src\components\Card.tsx
FN:13,Card
FNF:1
FNH:0
FNDA:0,Card
DA:20,0
DA:22,0
DA:29,0
DA:36,0
DA:50,0
LF:5
LH:0
BRDA:16,0,0,0
BRDA:17,1,0,0
BRDA:18,2,0,0
BRF:3
BRH:0
end_of_record
TN:
SF:src\components\EmptyState.tsx
FN:18,EmptyState
FN:59,(anonymous_1)
FNF:2
FNH:0
FNDA:0,EmptyState
FNDA:0,(anonymous_1)
DA:27,0
DA:29,0
DA:60,0
DA:75,0
LF:4
LH:0
BRDA:19,0,0,0
BRDA:20,1,0,0
BRDA:21,2,0,0
BRDA:22,3,0,0
BRDA:23,4,0,0
BRDA:25,5,0,0
BRDA:53,6,0,0
BRDA:53,6,1,0
BRDA:53,6,2,0
BRF:9
BRH:0
end_of_record
TN:
SF:src\components\ErrorState.tsx
FN:16,ErrorState
FN:55,(anonymous_1)
FNF:2
FNH:2
FNDA:2,ErrorState
FNDA:2,(anonymous_1)
DA:23,2
DA:25,2
DA:56,2
DA:71,1
LF:4
LH:4
BRDA:17,0,0,0
BRDA:18,1,0,0
BRDA:20,2,0,2
BRDA:21,3,0,2
BRDA:49,4,0,2
BRDA:49,4,1,2
BRDA:49,4,2,2
BRF:7
BRH:5
end_of_record
TN:
SF:src\components\Icon.tsx
FN:48,Icon
FNF:1
FNH:1
FNDA:294,Icon
DA:31,1
DA:40,1
DA:55,294
DA:58,294
DA:61,294
DA:64,294
DA:66,294
DA:76,1
LF:8
LH:8
BRDA:50,0,0,0
BRDA:51,1,0,0
BRDA:58,2,0,2
BRDA:58,2,1,292
BRDA:61,3,0,294
BRDA:61,3,1,2
BRF:6
BRH:4
end_of_record
TN:
SF:src\components\IconConstants.ts
FNF:0
FNH:0
DA:4,1
DA:43,1
DA:83,1
DA:107,1
DA:143,1
DA:175,1
DA:203,1
DA:227,1
DA:255,1
DA:283,1
DA:307,1
LF:11
LH:11
BRF:0
BRH:0
end_of_record
TN:
SF:src\components\LoadingState.tsx
FN:14,LoadingState
FNF:1
FNH:0
FNDA:0,LoadingState
DA:19,0
DA:21,0
DA:47,1
LF:3
LH:1
BRDA:15,0,0,0
BRDA:16,1,0,0
BRDA:17,2,0,0
BRDA:23,3,0,0
BRDA:23,3,1,0
BRF:5
BRH:0
end_of_record
TN:
SF:src\components\SearchableDropdown.tsx
FN:21,SearchableDropdown
FN:39,(anonymous_1)
FN:43,(anonymous_2)
FN:50,(anonymous_3)
FN:52,(anonymous_4)
FN:59,(anonymous_5)
FN:64,(anonymous_6)
FN:69,(anonymous_7)
FN:162,(anonymous_8)
FN:213,(anonymous_9)
FN:224,(anonymous_10)
FNF:11
FNH:5
FNDA:233,SearchableDropdown
FNDA:130,(anonymous_1)
FNDA:0,(anonymous_2)
FNDA:467,(anonymous_3)
FNDA:2,(anonymous_4)
FNDA:0,(anonymous_5)
FNDA:0,(anonymous_6)
FNDA:0,(anonymous_7)
FNDA:0,(anonymous_8)
FNDA:498,(anonymous_9)
FNDA:0,(anonymous_10)
DA:33,233
DA:34,233
DA:35,233
DA:36,233
DA:37,233
DA:39,233
DA:40,130
DA:41,130
DA:43,0
DA:44,0
DA:46,0
DA:50,467
DA:52,233
DA:53,2
DA:54,2
DA:55,2
DA:59,233
DA:60,0
DA:61,0
DA:64,233
DA:65,0
DA:66,0
DA:69,233
DA:70,0
DA:73,233
DA:162,0
DA:214,498
DA:224,0
DA:273,1
LF:29
LH:19
BRDA:26,0,0,0
BRDA:27,1,0,92
BRDA:29,2,0,158
BRDA:30,3,0,0
BRDA:31,4,0,92
BRDA:40,5,0,130
BRDA:40,5,1,0
BRDA:53,6,0,2
BRDA:53,6,1,0
BRDA:87,7,0,12
BRDA:87,7,1,221
BRDA:89,8,0,233
BRDA:89,8,1,59
BRDA:95,9,0,23
BRDA:95,9,1,210
BRDA:112,10,0,233
BRDA:112,10,1,55
BRDA:128,11,0,2
BRDA:128,11,1,231
BRDA:137,12,0,233
BRDA:137,12,1,12
BRDA:202,13,0,40
BRDA:202,13,1,193
BRDA:212,14,0,111
BRDA:212,14,1,82
BRDA:219,15,0,23
BRDA:219,15,1,475
BRDA:231,16,0,23
BRDA:231,16,1,475
BRDA:239,17,0,498
BRDA:239,17,1,23
BRF:31
BRH:27
end_of_record
TN:
SF:src\components\SocialAuthButtons.tsx
FN:14,SocialAuthButtons
FN:21,(anonymous_1)
FN:57,(anonymous_2)
FNF:3
FNH:0
FNDA:0,SocialAuthButtons
FNDA:0,(anonymous_1)
FNDA:0,(anonymous_2)
DA:19,0
DA:21,0
DA:22,0
DA:24,0
DA:25,0
DA:26,0
DA:28,0
DA:29,0
DA:30,0
DA:31,0
DA:34,0
DA:39,0
DA:43,0
DA:58,0
DA:89,0
LF:15
LH:0
BRDA:17,0,0,0
BRDA:22,1,0,0
BRDA:22,1,1,0
BRDA:22,2,0,0
BRDA:22,2,1,0
BRDA:28,3,0,0
BRDA:28,3,1,0
BRDA:28,4,0,0
BRDA:28,4,1,0
BRDA:30,5,0,0
BRDA:30,5,1,0
BRDA:54,6,0,0
BRDA:54,6,1,0
BRF:13
BRH:0
end_of_record
TN:
SF:src\components\VehicleCard.tsx
FN:17,VehicleCard
FN:26,(anonymous_1)
FN:29,(anonymous_2)
FN:37,(anonymous_3)
FN:43,(anonymous_4)
FN:84,(anonymous_5)
FN:99,(anonymous_6)
FNF:7
FNH:0
FNDA:0,VehicleCard
FNDA:0,(anonymous_1)
FNDA:0,(anonymous_2)
FNDA:0,(anonymous_3)
FNDA:0,(anonymous_4)
FNDA:0,(anonymous_5)
FNDA:0,(anonymous_6)
DA:24,0
DA:26,0
DA:27,0
DA:29,0
DA:30,0
DA:31,0
DA:32,0
DA:33,0
DA:37,0
DA:38,0
DA:39,0
DA:43,0
DA:44,0
DA:45,0
DA:49,0
DA:85,0
DA:100,0
DA:174,0
LF:18
LH:0
BRDA:22,0,0,0
BRDA:27,1,0,0
BRDA:27,1,1,0
BRDA:30,2,0,0
BRDA:30,2,1,0
BRDA:32,3,0,0
BRDA:32,3,1,0
BRDA:38,4,0,0
BRDA:38,4,1,0
BRDA:44,5,0,0
BRDA:44,5,1,0
BRDA:80,6,0,0
BRDA:80,6,1,0
BRDA:82,7,0,0
BRDA:82,7,1,0
BRDA:97,8,0,0
BRDA:97,8,1,0
BRDA:117,9,0,0
BRDA:117,9,1,0
BRDA:128,10,0,0
BRDA:128,10,1,0
BRDA:139,11,0,0
BRDA:139,11,1,0
BRDA:150,12,0,0
BRDA:150,12,1,0
BRDA:162,13,0,0
BRDA:162,13,1,0
BRF:27
BRH:0
end_of_record
TN:
SF:src\components\VehicleForm.tsx
FN:27,VehicleForm
FN:65,(anonymous_1)
FN:70,(anonymous_2)
FN:79,(anonymous_3)
FN:96,(anonymous_4)
FN:100,(anonymous_5)
FN:108,(anonymous_6)
FN:112,(anonymous_7)
FN:120,(anonymous_8)
FN:121,(anonymous_9)
FN:125,(anonymous_10)
FN:129,(anonymous_11)
FN:154,(anonymous_12)
FN:186,(anonymous_13)
FN:201,(anonymous_14)
FN:257,(anonymous_15)
FN:269,(anonymous_16)
FN:289,(anonymous_17)
FN:304,(anonymous_18)
FN:319,(anonymous_19)
FN:328,(anonymous_20)
FN:329,(anonymous_21)
FN:344,(anonymous_22)
FN:353,(anonymous_23)
FN:375,(anonymous_24)
FNF:25
FNH:17
FNDA:65,VehicleForm
FNDA:16,(anonymous_1)
FNDA:20,(anonymous_2)
FNDA:16,(anonymous_3)
FNDA:16,(anonymous_4)
FNDA:30,(anonymous_5)
FNDA:4,(anonymous_6)
FNDA:8,(anonymous_7)
FNDA:4,(anonymous_8)
FNDA:4,(anonymous_9)
FNDA:1,(anonymous_10)
FNDA:7,(anonymous_11)
FNDA:7,(anonymous_12)
FNDA:0,(anonymous_13)
FNDA:1,(anonymous_14)
FNDA:0,(anonymous_15)
FNDA:0,(anonymous_16)
FNDA:3,(anonymous_17)
FNDA:1,(anonymous_18)
FNDA:0,(anonymous_19)
FNDA:0,(anonymous_20)
FNDA:315,(anonymous_21)
FNDA:0,(anonymous_22)
FNDA:0,(anonymous_23)
FNDA:0,(anonymous_24)
DA:35,65
DA:36,65
DA:37,65
DA:38,65
DA:41,65
DA:56,65
DA:59,65
DA:60,65
DA:61,65
DA:62,65
DA:65,65
DA:66,16
DA:70,65
DA:71,20
DA:72,4
DA:74,16
DA:79,65
DA:80,16
DA:81,4
DA:96,65
DA:97,16
DA:98,16
DA:99,16
DA:100,30
DA:102,1
DA:104,16
DA:108,65
DA:109,4
DA:110,4
DA:111,4
DA:112,8
DA:114,0
DA:116,4
DA:120,65
DA:121,4
DA:124,4
DA:125,1
DA:129,65
DA:130,7
DA:132,7
DA:133,5
DA:136,7
DA:137,5
DA:140,7
DA:141,0
DA:142,7
DA:143,2
DA:146,7
DA:147,0
DA:150,7
DA:151,7
DA:154,65
DA:155,7
DA:156,5
DA:159,2
DA:160,2
DA:161,2
DA:164,2
DA:165,0
DA:167,2
DA:168,0
DA:169,0
DA:171,2
DA:175,2
DA:178,2
DA:179,1
DA:180,1
DA:186,0
DA:191,1
DA:192,1
DA:195,0
DA:197,2
DA:201,65
DA:202,1
DA:212,65
DA:213,0
DA:216,65
DA:217,2
DA:226,63
DA:227,63
DA:230,63
DA:232,63
DA:257,0
DA:269,0
DA:289,3
DA:304,1
DA:319,0
DA:328,0
DA:329,315
DA:344,0
DA:353,0
DA:375,0
DA:414,1
LF:93
LH:77
BRDA:71,0,0,4
BRDA:71,0,1,16
BRDA:80,1,0,4
BRDA:80,1,1,12
BRDA:80,2,0,16
BRDA:80,2,1,5
BRDA:86,3,0,4
BRDA:86,3,1,0
BRDA:87,4,0,4
BRDA:87,4,1,0
BRDA:88,5,0,4
BRDA:88,5,1,0
BRDA:89,6,0,4
BRDA:89,6,1,0
BRDA:90,7,0,4
BRDA:90,7,1,0
BRDA:91,8,0,4
BRDA:91,8,1,0
BRDA:124,9,0,1
BRDA:124,9,1,3
BRDA:132,10,0,5
BRDA:132,10,1,2
BRDA:136,11,0,5
BRDA:136,11,1,2
BRDA:140,12,0,0
BRDA:140,12,1,7
BRDA:142,13,0,2
BRDA:142,13,1,5
BRDA:142,14,0,7
BRDA:142,14,1,6
BRDA:146,15,0,0
BRDA:146,15,1,7
BRDA:146,16,0,7
BRDA:146,16,1,2
BRDA:155,17,0,5
BRDA:155,17,1,2
BRDA:164,18,0,0
BRDA:164,18,1,2
BRDA:167,19,0,0
BRDA:167,19,1,2
BRDA:178,20,0,1
BRDA:178,20,1,1
BRDA:178,21,0,2
BRDA:178,21,1,1
BRDA:179,22,0,0
BRDA:179,22,1,1
BRDA:191,23,0,0
BRDA:191,23,1,1
BRDA:192,24,0,1
BRDA:192,24,1,0
BRDA:195,25,0,0
BRDA:195,25,1,0
BRDA:212,26,0,0
BRDA:212,26,1,65
BRDA:216,27,0,2
BRDA:216,27,1,63
BRDA:216,28,0,65
BRDA:216,28,1,2
BRDA:226,29,0,39
BRDA:226,29,1,24
BRDA:227,30,0,39
BRDA:227,30,1,24
BRDA:230,31,0,39
BRDA:230,31,1,24
BRDA:289,32,0,3
BRDA:289,32,1,0
BRDA:295,33,0,63
BRDA:295,33,1,2
BRDA:327,34,0,63
BRDA:327,34,1,47
BRDA:359,35,0,63
BRDA:359,35,1,0
BRF:72
BRH:54
end_of_record
TN:
SF:src\config\env.ts
FN:30,(anonymous_0)
FN:33,(anonymous_1)
FNF:2
FNH:0
FNDA:0,(anonymous_0)
FNDA:0,(anonymous_1)
DA:21,1
DA:30,1
DA:31,0
DA:33,1
DA:35,0
DA:36,0
DA:37,0
LF:7
LH:3
BRDA:31,0,0,0
BRDA:31,0,1,0
BRDA:31,0,2,0
BRDA:35,1,0,0
BRDA:35,1,1,0
BRDA:35,2,0,0
BRDA:35,2,1,0
BRDA:36,3,0,0
BRDA:36,3,1,0
BRDA:36,4,0,0
BRDA:36,4,1,0
BRF:11
BRH:0
end_of_record
TN:
SF:src\navigation\AppNavigator.tsx
FN:18,AppNavigator
FN:45,(anonymous_1)
FN:59,(anonymous_2)
FN:73,(anonymous_3)
FNF:4
FNH:0
FNDA:0,AppNavigator
FNDA:0,(anonymous_1)
FNDA:0,(anonymous_2)
FNDA:0,(anonymous_3)
DA:16,0
DA:19,0
DA:21,0
DA:46,0
DA:60,0
DA:74,0
LF:6
LH:0
BRF:0
BRH:0
end_of_record
TN:
SF:src\navigation\AuthNavigator.tsx
FN:15,AuthNavigator
FNF:1
FNH:0
FNDA:0,AuthNavigator
DA:13,0
DA:16,0
LF:2
LH:0
BRF:0
BRH:0
end_of_record
TN:
SF:src\navigation\RootNavigator.tsx
FN:19,RootNavigator
FN:23,(anonymous_1)
FN:24,(anonymous_2)
FN:28,(anonymous_3)
FNF:4
FNH:0
FNDA:0,RootNavigator
FNDA:0,(anonymous_1)
FNDA:0,(anonymous_2)
FNDA:0,(anonymous_3)
DA:17,0
DA:20,0
DA:21,0
DA:23,0
DA:24,0
DA:25,0
DA:26,0
DA:27,0
DA:28,0
DA:29,0
DA:30,0
DA:32,0
DA:34,0
DA:37,0
DA:38,0
DA:42,0
DA:45,0
DA:46,0
DA:53,0
DA:54,0
DA:57,0
DA:77,0
LF:22
LH:0
BRDA:27,0,0,0
BRDA:27,0,1,0
BRDA:45,1,0,0
BRDA:45,1,1,0
BRDA:53,2,0,0
BRDA:53,2,1,0
BRF:6
BRH:0
end_of_record
TN:
SF:src\screens\DashboardScreen.tsx
FN:14,DashboardScreen
FN:19,(anonymous_1)
FN:22,(anonymous_2)
FN:26,(anonymous_3)
FN:30,(anonymous_4)
FN:35,(anonymous_5)
FN:49,(anonymous_6)
FN:54,(anonymous_7)
FN:68,(anonymous_8)
FN:104,(anonymous_9)
FN:120,(anonymous_10)
FN:189,(anonymous_11)
FN:204,(anonymous_12)
FNF:13
FNH:0
FNDA:0,DashboardScreen
FNDA:0,(anonymous_1)
FNDA:0,(anonymous_2)
FNDA:0,(anonymous_3)
FNDA:0,(anonymous_4)
FNDA:0,(anonymous_5)
FNDA:0,(anonymous_6)
FNDA:0,(anonymous_7)
FNDA:0,(anonymous_8)
FNDA:0,(anonymous_9)
FNDA:0,(anonymous_10)
FNDA:0,(anonymous_11)
FNDA:0,(anonymous_12)
DA:15,0
DA:16,0
DA:17,0
DA:19,0
DA:20,0
DA:21,0
DA:23,0
DA:24,0
DA:27,0
DA:28,0
DA:30,0
DA:31,0
DA:35,0
DA:36,0
DA:37,0
DA:38,0
DA:39,0
DA:40,0
DA:43,0
DA:45,0
DA:49,0
DA:51,0
DA:54,0
DA:56,0
DA:59,0
DA:60,0
DA:63,0
DA:64,0
DA:70,0
DA:76,0
DA:105,0
DA:121,0
DA:190,0
DA:205,0
DA:219,0
LF:35
LH:0
BRDA:23,0,0,0
BRDA:23,0,1,0
BRDA:24,1,0,0
BRDA:24,1,1,0
BRDA:27,2,0,0
BRDA:27,2,1,0
BRDA:39,3,0,0
BRDA:39,3,1,0
BRDA:59,4,0,0
BRDA:59,4,1,0
BRDA:63,5,0,0
BRDA:63,5,1,0
BRDA:171,6,0,0
BRDA:171,6,1,0
BRDA:174,7,0,0
BRDA:174,7,1,0
BRDA:177,8,0,0
BRDA:177,8,1,0
BRF:18
BRH:0
end_of_record
TN:
SF:src\screens\EditVehicleScreen.tsx
FN:21,EditVehicleScreen
FN:29,(anonymous_1)
FN:33,(anonymous_2)
FN:69,(anonymous_3)
FN:74,(anonymous_4)
FNF:5
FNH:0
FNDA:0,EditVehicleScreen
FNDA:0,(anonymous_1)
FNDA:0,(anonymous_2)
FNDA:0,(anonymous_3)
FNDA:0,(anonymous_4)
DA:22,0
DA:23,0
DA:24,0
DA:25,0
DA:26,0
DA:27,0
DA:29,0
DA:30,0
DA:33,0
DA:34,0
DA:35,0
DA:36,0
DA:39,0
DA:40,0
DA:41,0
DA:42,0
DA:45,0
DA:46,0
DA:48,0
DA:49,0
DA:50,0
DA:53,0
DA:56,0
DA:57,0
DA:58,0
DA:60,0
DA:63,0
DA:65,0
DA:69,0
DA:71,0
DA:74,0
DA:75,0
DA:79,0
DA:80,0
DA:84,0
DA:85,0
DA:95,0
DA:96,0
DA:110,0
DA:119,0
LF:40
LH:0
BRDA:40,0,0,0
BRDA:40,0,1,0
BRDA:48,1,0,0
BRDA:48,1,1,0
BRDA:57,2,0,0
BRDA:57,2,1,0
BRDA:57,3,0,0
BRDA:57,3,1,0
BRDA:60,4,0,0
BRDA:60,4,1,0
BRDA:63,5,0,0
BRDA:63,5,1,0
BRDA:79,6,0,0
BRDA:79,6,1,0
BRDA:84,7,0,0
BRDA:84,7,1,0
BRDA:95,8,0,0
BRDA:95,8,1,0
BRDA:95,9,0,0
BRDA:95,9,1,0
BRF:20
BRH:0
end_of_record
TN:
SF:src\screens\ForgotPasswordScreen.tsx
FN:19,ForgotPasswordScreen
FN:27,(anonymous_1)
FN:40,(anonymous_2)
FN:68,(anonymous_3)
FN:127,(anonymous_4)
FNF:5
FNH:0
FNDA:0,ForgotPasswordScreen
FNDA:0,(anonymous_1)
FNDA:0,(anonymous_2)
FNDA:0,(anonymous_3)
FNDA:0,(anonymous_4)
DA:20,0
DA:21,0
DA:22,0
DA:23,0
DA:24,0
DA:25,0
DA:27,0
DA:28,0
DA:29,0
DA:30,0
DA:32,0
DA:33,0
DA:34,0
DA:36,0
DA:37,0
DA:40,0
DA:41,0
DA:42,0
DA:45,0
DA:46,0
DA:48,0
DA:49,0
DA:51,0
DA:52,0
DA:53,0
DA:55,0
DA:57,0
DA:58,0
DA:61,0
DA:62,0
DA:64,0
DA:68,0
DA:69,0
DA:72,0
DA:74,0
DA:127,0
DA:136,0
LF:37
LH:0
BRDA:28,0,0,0
BRDA:28,0,1,0
BRDA:32,1,0,0
BRDA:32,1,1,0
BRDA:41,2,0,0
BRDA:41,2,1,0
BRDA:51,3,0,0
BRDA:51,3,1,0
BRDA:57,4,0,0
BRDA:57,4,1,0
BRDA:72,5,0,0
BRDA:72,5,1,0
BRDA:77,6,0,0
BRDA:77,6,1,0
BRDA:108,7,0,0
BRDA:108,7,1,0
BRF:16
BRH:0
end_of_record
TN:
SF:src\screens\GarageScreen.tsx
FN:22,GarageScreen
FN:30,(anonymous_1)
FN:34,(anonymous_2)
FN:62,(anonymous_3)
FN:75,(anonymous_4)
FN:79,(anonymous_5)
FN:86,(anonymous_6)
FN:90,(anonymous_7)
FN:95,(anonymous_8)
FN:104,(anonymous_9)
FN:108,(anonymous_10)
FN:108,(anonymous_11)
FN:176,(anonymous_12)
FN:255,(anonymous_13)
FNF:14
FNH:0
FNDA:0,GarageScreen
FNDA:0,(anonymous_1)
FNDA:0,(anonymous_2)
FNDA:0,(anonymous_3)
FNDA:0,(anonymous_4)
FNDA:0,(anonymous_5)
FNDA:0,(anonymous_6)
FNDA:0,(anonymous_7)
FNDA:0,(anonymous_8)
FNDA:0,(anonymous_9)
FNDA:0,(anonymous_10)
FNDA:0,(anonymous_11)
FNDA:0,(anonymous_12)
FNDA:0,(anonymous_13)
DA:23,0
DA:24,0
DA:25,0
DA:26,0
DA:27,0
DA:28,0
DA:30,0
DA:31,0
DA:34,0
DA:35,0
DA:36,0
DA:37,0
DA:39,0
DA:40,0
DA:41,0
DA:42,0
DA:45,0
DA:46,0
DA:48,0
DA:49,0
DA:50,0
DA:53,0
DA:54,0
DA:56,0
DA:58,0
DA:62,0
DA:63,0
DA:64,0
DA:65,0
DA:66,0
DA:68,0
DA:71,0
DA:75,0
DA:76,0
DA:79,0
DA:80,0
DA:81,0
DA:82,0
DA:86,0
DA:87,0
DA:90,0
DA:92,0
DA:95,0
DA:96,0
DA:105,0
DA:106,0
DA:107,0
DA:108,0
DA:110,0
DA:113,0
DA:124,0
DA:125,0
DA:136,0
DA:137,0
DA:141,0
DA:142,0
DA:151,0
DA:177,0
DA:256,0
DA:270,0
LF:60
LH:0
BRDA:40,0,0,0
BRDA:40,0,1,0
BRDA:48,1,0,0
BRDA:48,1,1,0
BRDA:56,2,0,0
BRDA:56,2,1,0
BRDA:65,3,0,0
BRDA:65,3,1,0
BRDA:66,4,0,0
BRDA:66,4,1,0
BRDA:68,5,0,0
BRDA:68,5,1,0
BRDA:71,6,0,0
BRDA:71,6,1,0
BRDA:81,7,0,0
BRDA:81,7,1,0
BRDA:107,8,0,0
BRDA:107,8,1,0
BRDA:110,9,0,0
BRDA:110,9,1,0
BRDA:113,10,0,0
BRDA:113,10,1,0
BRDA:124,11,0,0
BRDA:124,11,1,0
BRDA:124,12,0,0
BRDA:124,12,1,0
BRDA:136,13,0,0
BRDA:136,13,1,0
BRDA:141,14,0,0
BRDA:141,14,1,0
BRDA:174,15,0,0
BRDA:174,15,1,0
BRF:32
BRH:0
end_of_record
TN:
SF:src\screens\HistoryScreen.tsx
FN:10,HistoryScreen
FN:13,(anonymous_1)
FN:18,(anonymous_2)
FN:112,(anonymous_3)
FN:145,(anonymous_4)
FN:153,(anonymous_5)
FN:161,(anonymous_6)
FN:204,(anonymous_7)
FNF:8
FNH:0
FNDA:0,HistoryScreen
FNDA:0,(anonymous_1)
FNDA:0,(anonymous_2)
FNDA:0,(anonymous_3)
FNDA:0,(anonymous_4)
FNDA:0,(anonymous_5)
FNDA:0,(anonymous_6)
FNDA:0,(anonymous_7)
DA:11,0
DA:13,0
DA:15,0
DA:18,0
DA:20,0
DA:23,0
DA:113,0
DA:205,0
DA:219,0
LF:9
LH:0
BRF:0
BRH:0
end_of_record
TN:
SF:src\screens\LoginScreen.tsx
FN:25,LoginScreen
FN:34,(anonymous_1)
FN:53,(anonymous_2)
FN:82,(anonymous_3)
FN:86,(anonymous_4)
FN:90,(anonymous_5)
FN:95,(anonymous_6)
FN:179,(anonymous_7)
FNF:8
FNH:0
FNDA:0,LoginScreen
FNDA:0,(anonymous_1)
FNDA:0,(anonymous_2)
FNDA:0,(anonymous_3)
FNDA:0,(anonymous_4)
FNDA:0,(anonymous_5)
FNDA:0,(anonymous_6)
FNDA:0,(anonymous_7)
DA:26,0
DA:27,0
DA:28,0
DA:29,0
DA:30,0
DA:31,0
DA:32,0
DA:34,0
DA:35,0
DA:38,0
DA:39,0
DA:40,0
DA:41,0
DA:45,0
DA:46,0
DA:49,0
DA:50,0
DA:53,0
DA:54,0
DA:55,0
DA:58,0
DA:59,0
DA:61,0
DA:62,0
DA:64,0
DA:65,0
DA:66,0
DA:67,0
DA:71,0
DA:72,0
DA:75,0
DA:76,0
DA:78,0
DA:82,0
DA:83,0
DA:86,0
DA:87,0
DA:90,0
DA:91,0
DA:92,0
DA:95,0
DA:96,0
DA:97,0
DA:100,0
DA:102,0
DA:179,0
DA:188,0
LF:47
LH:0
BRDA:38,0,0,0
BRDA:38,0,1,0
BRDA:40,1,0,0
BRDA:40,1,1,0
BRDA:45,2,0,0
BRDA:45,2,1,0
BRDA:54,3,0,0
BRDA:54,3,1,0
BRDA:64,4,0,0
BRDA:64,4,1,0
BRDA:64,5,0,0
BRDA:64,5,1,0
BRDA:65,6,0,0
BRDA:65,6,1,0
BRDA:100,7,0,0
BRDA:100,7,1,0
BRDA:105,8,0,0
BRDA:105,8,1,0
BRDA:145,9,0,0
BRDA:145,9,1,0
BRF:20
BRH:0
end_of_record
TN:
SF:src\screens\PlaceholderScreen.tsx
FN:6,PlaceholderScreen
FN:9,(anonymous_1)
FN:12,(anonymous_2)
FN:20,(anonymous_3)
FN:25,(anonymous_4)
FNF:5
FNH:0
FNDA:0,PlaceholderScreen
FNDA:0,(anonymous_1)
FNDA:0,(anonymous_2)
FNDA:0,(anonymous_3)
FNDA:0,(anonymous_4)
DA:7,0
DA:9,0
DA:10,0
DA:11,0
DA:13,0
DA:14,0
DA:15,0
DA:17,0
DA:21,0
DA:22,0
DA:25,0
DA:26,0
DA:30,0
DA:44,0
LF:14
LH:0
BRDA:13,0,0,0
BRDA:13,0,1,0
BRDA:14,1,0,0
BRDA:14,1,1,0
BRDA:21,2,0,0
BRDA:21,2,1,0
BRDA:33,3,0,0
BRDA:33,3,1,0
BRF:8
BRH:0
end_of_record
TN:
SF:src\screens\SignUpScreen.tsx
FN:26,SignUpScreen
FN:36,(anonymous_1)
FN:59,(anonymous_2)
FN:94,(anonymous_3)
FN:105,(anonymous_4)
FN:110,(anonymous_5)
FN:115,(anonymous_6)
FN:183,(anonymous_7)
FN:200,(anonymous_8)
FNF:9
FNH:0
FNDA:0,SignUpScreen
FNDA:0,(anonymous_1)
FNDA:0,(anonymous_2)
FNDA:0,(anonymous_3)
FNDA:0,(anonymous_4)
FNDA:0,(anonymous_5)
FNDA:0,(anonymous_6)
FNDA:0,(anonymous_7)
FNDA:0,(anonymous_8)
DA:27,0
DA:28,0
DA:29,0
DA:30,0
DA:31,0
DA:32,0
DA:33,0
DA:34,0
DA:36,0
DA:37,0
DA:40,0
DA:41,0
DA:42,0
DA:43,0
DA:47,0
DA:48,0
DA:49,0
DA:50,0
DA:51,0
DA:52,0
DA:55,0
DA:56,0
DA:59,0
DA:60,0
DA:61,0
DA:64,0
DA:65,0
DA:67,0
DA:69,0
DA:71,0
DA:72,0
DA:73,0
DA:74,0
DA:78,0
DA:83,0
DA:84,0
DA:85,0
DA:86,0
DA:90,0
DA:91,0
DA:94,0
DA:95,0
DA:98,0
DA:99,0
DA:101,0
DA:105,0
DA:106,0
DA:107,0
DA:110,0
DA:111,0
DA:115,0
DA:116,0
DA:117,0
DA:120,0
DA:122,0
DA:183,0
DA:200,0
DA:209,0
LF:58
LH:0
BRDA:40,0,0,0
BRDA:40,0,1,0
BRDA:42,1,0,0
BRDA:42,1,1,0
BRDA:47,2,0,0
BRDA:47,2,1,0
BRDA:49,3,0,0
BRDA:49,3,1,0
BRDA:51,4,0,0
BRDA:51,4,1,0
BRDA:60,5,0,0
BRDA:60,5,1,0
BRDA:71,6,0,0
BRDA:71,6,1,0
BRDA:71,7,0,0
BRDA:71,7,1,0
BRDA:72,8,0,0
BRDA:72,8,1,0
BRDA:80,9,0,0
BRDA:80,9,1,0
BRDA:83,10,0,0
BRDA:83,10,1,0
BRDA:84,11,0,0
BRDA:84,11,1,0
BRDA:120,12,0,0
BRDA:120,12,1,0
BRDA:120,12,2,0
BRDA:125,13,0,0
BRDA:125,13,1,0
BRDA:175,14,0,0
BRDA:175,14,1,0
BRF:31
BRH:0
end_of_record
TN:
SF:src\services\auth.ts
FN:18,signUp
FN:64,signIn
FN:106,sendPasswordResetEmail
FNF:3
FNH:0
FNDA:0,signUp
FNDA:0,signIn
FNDA:0,sendPasswordResetEmail
DA:19,0
DA:20,0
DA:21,0
DA:22,0
DA:31,0
DA:37,0
DA:45,0
DA:65,0
DA:66,0
DA:67,0
DA:68,0
DA:77,0
DA:83,0
DA:91,0
DA:107,0
DA:108,0
DA:109,0
DA:110,0
DA:119,0
DA:121,0
DA:125,0
LF:21
LH:0
BRDA:21,0,0,0
BRDA:21,0,1,0
BRDA:48,1,0,0
BRDA:48,1,1,0
BRDA:49,2,0,0
BRDA:49,2,1,0
BRDA:67,3,0,0
BRDA:67,3,1,0
BRDA:94,4,0,0
BRDA:94,4,1,0
BRDA:95,5,0,0
BRDA:95,5,1,0
BRDA:109,6,0,0
BRDA:109,6,1,0
BRDA:128,7,0,0
BRDA:128,7,1,0
BRDA:129,8,0,0
BRDA:129,8,1,0
BRF:18
BRH:0
end_of_record
TN:
SF:src\services\data.ts
FN:19,createUserProfile
FNF:1
FNH:0
FNDA:0,createUserProfile
DA:20,0
DA:21,0
DA:22,0
DA:23,0
DA:32,0
DA:39,0
DA:41,0
DA:45,0
LF:8
LH:0
BRDA:22,0,0,0
BRDA:22,0,1,0
BRDA:35,1,0,0
BRDA:35,1,1,0
BRDA:48,2,0,0
BRDA:48,2,1,0
BRDA:49,3,0,0
BRDA:49,3,1,0
BRF:8
BRH:0
end_of_record
TN:
SF:src\services\firebase.ts
FN:11,getFirebase
FNF:1
FNH:0
FNDA:0,getFirebase
DA:9,1
DA:12,0
DA:14,0
DA:15,0
DA:16,0
DA:18,0
DA:22,0
DA:23,0
DA:30,0
DA:31,0
DA:32,0
DA:33,0
DA:34,0
DA:36,0
DA:47,0
DA:48,0
DA:50,0
DA:51,0
DA:52,0
DA:53,0
DA:55,0
DA:59,0
DA:60,0
LF:23
LH:1
BRDA:12,0,0,0
BRDA:12,0,1,0
BRDA:14,1,0,0
BRDA:14,1,1,0
BRDA:15,2,0,0
BRDA:15,2,1,0
BRDA:15,3,0,0
BRDA:15,3,1,0
BRDA:22,4,0,0
BRDA:22,4,1,0
BRDA:22,5,0,0
BRDA:22,5,1,0
BRDA:36,6,0,0
BRDA:36,6,1,0
BRDA:50,7,0,0
BRDA:50,7,1,0
BRF:16
BRH:0
end_of_record
TN:
SF:src\services\socialAuth.ts
FN:24,initializeGoogleSignIn
FN:32,signInWithGoogle
FN:131,signInWithApple
FN:238,signOutFromGoogle
FNF:4
FNH:0
FNDA:0,initializeGoogleSignIn
FNDA:0,signInWithGoogle
FNDA:0,signInWithApple
FNDA:0,signOutFromGoogle
DA:25,0
DA:33,0
DA:34,0
DA:35,0
DA:36,0
DA:46,0
DA:49,0
DA:50,0
DA:52,0
DA:53,0
DA:63,0
DA:66,0
DA:71,0
DA:73,0
DA:76,0
DA:77,0
DA:83,0
DA:84,0
DA:89,0
DA:100,0
DA:106,0
DA:107,0
DA:109,0
DA:110,0
DA:111,0
DA:112,0
DA:113,0
DA:117,0
DA:118,0
DA:121,0
DA:132,0
DA:133,0
DA:134,0
DA:135,0
DA:145,0
DA:146,0
DA:147,0
DA:157,0
DA:165,0
DA:166,0
DA:176,0
DA:177,0
DA:182,0
DA:187,0
DA:189,0
DA:192,0
DA:193,0
DA:199,0
DA:200,0
DA:205,0
DA:216,0
DA:218,0
DA:219,0
DA:221,0
DA:222,0
DA:223,0
DA:224,0
DA:225,0
DA:228,0
DA:239,0
DA:240,0
DA:242,0
LF:62
LH:0
BRDA:35,0,0,0
BRDA:35,0,1,0
BRDA:52,1,0,0
BRDA:52,1,1,0
BRDA:76,2,0,0
BRDA:76,2,1,0
BRDA:76,3,0,0
BRDA:76,3,1,0
BRDA:80,4,0,0
BRDA:80,4,1,0
BRDA:83,5,0,0
BRDA:83,5,1,0
BRDA:109,6,0,0
BRDA:109,6,1,0
BRDA:111,7,0,0
BRDA:111,7,1,0
BRDA:112,8,0,0
BRDA:112,8,1,0
BRDA:117,9,0,0
BRDA:117,9,1,0
BRDA:134,10,0,0
BRDA:134,10,1,0
BRDA:146,11,0,0
BRDA:146,11,1,0
BRDA:165,12,0,0
BRDA:165,12,1,0
BRDA:192,13,0,0
BRDA:192,13,1,0
BRDA:192,14,0,0
BRDA:192,14,1,0
BRDA:196,15,0,0
BRDA:196,15,1,0
BRDA:199,16,0,0
BRDA:199,16,1,0
BRDA:221,17,0,0
BRDA:221,17,1,0
BRDA:223,18,0,0
BRDA:223,18,1,0
BRDA:224,19,0,0
BRDA:224,19,1,0
BRF:40
BRH:0
end_of_record
TN:
SF:src\services\vehicles.ts
FN:86,getVehicles
FN:108,(anonymous_1)
FN:130,getVehicle
FN:175,createVehicle
FN:217,updateVehicle
FN:250,deleteVehicle
FN:279,subscribeToVehicles
FN:283,(anonymous_7)
FN:292,(anonymous_8)
FN:294,(anonymous_9)
FN:305,getVehicleMakes
FN:311,getVehicleModels
FN:313,(anonymous_12)
FN:317,searchVehicleMakes
FN:321,(anonymous_14)
FN:326,searchVehicleModels
FN:330,(anonymous_16)
FNF:17
FNH:0
FNDA:0,getVehicles
FNDA:0,(anonymous_1)
FNDA:0,getVehicle
FNDA:0,createVehicle
FNDA:0,updateVehicle
FNDA:0,deleteVehicle
FNDA:0,subscribeToVehicles
FNDA:0,(anonymous_7)
FNDA:0,(anonymous_8)
FNDA:0,(anonymous_9)
FNDA:0,getVehicleMakes
FNDA:0,getVehicleModels
FNDA:0,(anonymous_12)
FNDA:0,searchVehicleMakes
FNDA:0,(anonymous_14)
FNDA:0,searchVehicleModels
FNDA:0,(anonymous_16)
DA:28,1
DA:87,0
DA:88,0
DA:89,0
DA:90,0
DA:99,0
DA:105,0
DA:106,0
DA:108,0
DA:109,0
DA:115,0
DA:120,0
DA:131,0
DA:132,0
DA:133,0
DA:134,0
DA:143,0
DA:145,0
DA:146,0
DA:155,0
DA:160,0
DA:165,0
DA:176,0
DA:177,0
DA:178,0
DA:179,0
DA:188,0
DA:195,0
DA:197,0
DA:202,0
DA:207,0
DA:218,0
DA:219,0
DA:220,0
DA:221,0
DA:230,0
DA:232,0
DA:238,0
DA:240,0
DA:251,0
DA:252,0
DA:253,0
DA:254,0
DA:263,0
DA:265,0
DA:269,0
DA:280,0
DA:281,0
DA:283,0
DA:286,0
DA:292,0
DA:293,0
DA:294,0
DA:295,0
DA:300,0
DA:308,0
DA:312,0
DA:313,0
DA:314,0
DA:318,0
DA:319,0
DA:321,0
DA:322,0
DA:327,0
DA:328,0
DA:330,0
DA:331,0
LF:67
LH:1
BRDA:89,0,0,0
BRDA:89,0,1,0
BRDA:123,1,0,0
BRDA:123,1,1,0
BRDA:124,2,0,0
BRDA:124,2,1,0
BRDA:133,3,0,0
BRDA:133,3,1,0
BRDA:145,4,0,0
BRDA:145,4,1,0
BRDA:168,5,0,0
BRDA:168,5,1,0
BRDA:169,6,0,0
BRDA:169,6,1,0
BRDA:178,7,0,0
BRDA:178,7,1,0
BRDA:210,8,0,0
BRDA:210,8,1,0
BRDA:211,9,0,0
BRDA:211,9,1,0
BRDA:220,10,0,0
BRDA:220,10,1,0
BRDA:243,11,0,0
BRDA:243,11,1,0
BRDA:244,12,0,0
BRDA:244,12,1,0
BRDA:253,13,0,0
BRDA:253,13,1,0
BRDA:272,14,0,0
BRDA:272,14,1,0
BRDA:273,15,0,0
BRDA:273,15,1,0
BRDA:281,16,0,0
BRDA:281,16,1,0
BRDA:314,17,0,0
BRDA:314,17,1,0
BRDA:319,18,0,0
BRDA:319,18,1,0
BRDA:328,19,0,0
BRDA:328,19,1,0
BRF:40
BRH:0
end_of_record
TN:
SF:src\theme\ThemeProvider.tsx
FN:23,ThemeProvider
FN:28,(anonymous_1)
FN:36,(anonymous_2)
FN:41,(anonymous_3)
FN:63,useTheme
FNF:5
FNH:0
FNDA:0,ThemeProvider
FNDA:0,(anonymous_1)
FNDA:0,(anonymous_2)
FNDA:0,(anonymous_3)
FNDA:0,useTheme
DA:15,0
DA:24,0
DA:25,0
DA:28,0
DA:29,0
DA:33,0
DA:36,0
DA:37,0
DA:41,0
DA:42,0
DA:46,0
DA:53,0
DA:64,0
DA:65,0
DA:66,0
DA:68,0
LF:16
LH:0
BRDA:33,0,0,0
BRDA:33,0,1,0
BRDA:65,1,0,0
BRDA:65,1,1,0
BRF:4
BRH:0
end_of_record
TN:
SF:src\theme\colors.ts
FNF:0
FNH:0
DA:4,0
DA:129,0
LF:2
LH:0
BRF:0
BRH:0
end_of_record
TN:
SF:src\theme\designTokens.ts
FN:15,(anonymous_0)
FN:33,(anonymous_1)
FN:35,(anonymous_2)
FN:39,(anonymous_3)
FN:44,(anonymous_4)
FN:49,(anonymous_5)
FNF:6
FNH:0
FNDA:0,(anonymous_0)
FNDA:0,(anonymous_1)
FNDA:0,(anonymous_2)
FNDA:0,(anonymous_3)
FNDA:0,(anonymous_4)
FNDA:0,(anonymous_5)
DA:8,0
DA:15,0
DA:31,0
DA:34,0
DA:35,0
DA:40,0
DA:45,0
DA:50,0
DA:55,0
DA:161,0
LF:10
LH:0
BRDA:15,0,0,0
BRDA:18,1,0,0
BRDA:18,1,1,0
BRDA:19,2,0,0
BRDA:19,2,1,0
BRDA:21,3,0,0
BRDA:21,3,1,0
BRDA:22,4,0,0
BRDA:22,4,1,0
BRDA:23,5,0,0
BRDA:23,5,1,0
BRDA:33,6,0,0
BRF:12
BRH:0
end_of_record
TN:
SF:src\theme\paperTheme.ts
FN:353,(anonymous_0)
FN:358,(anonymous_1)
FN:363,(anonymous_2)
FNF:3
FNH:0
FNDA:0,(anonymous_0)
FNDA:0,(anonymous_1)
FNDA:0,(anonymous_2)
DA:7,0
DA:177,0
DA:351,0
DA:354,0
DA:359,0
DA:364,0
LF:6
LH:0
BRDA:354,0,0,0
BRDA:354,0,1,0
BRF:2
BRH:0
end_of_record
TN:
SF:src\theme\spacing.ts
FNF:0
FNH:0
DA:3,0
DA:120,0
DA:133,0
LF:3
LH:0
BRF:0
BRH:0
end_of_record
TN:
SF:src\theme\typography.ts
FNF:0
FNH:0
DA:3,0
DA:154,0
LF:2
LH:0
BRF:0
BRH:0
end_of_record
